::1 - - [14/May/2021:19:09:38 +0930] "GET / HTTP/1.1" 200 597 "-" "Mozilla/5.0 (Windows NT 10.0; Win64; x64) AppleWebKit/537.36 (KHTML, like Gecko) Chrome/90.0.4430.212 Safari/537.36"
::1 - - [14/May/2021:19:09:42 +0930] "GET /favicon.ico HTTP/1.1" 200 30894 "http://localhost/" "Mozilla/5.0 (Windows NT 10.0; Win64; x64) AppleWebKit/537.36 (KHTML, like Gecko) Chrome/90.0.4430.212 Safari/537.36"
127.0.0.1 - - [14/May/2021:19:10:13 +0930] "GET /phpmyadmin/ HTTP/1.1" 200 15716 "-" "Mozilla/5.0 (Windows NT 10.0; Win64; x64) AppleWebKit/537.36 (KHTML, like Gecko) Chrome/90.0.4430.212 Safari/537.36"
127.0.0.1 - - [14/May/2021:19:10:14 +0930] "GET /phpmyadmin/themes/pmahomme/css/theme.css?v=5.1.0&nocache=6247129122ltr&server=1 HTTP/1.1" 200 214806 "-" "Mozilla/5.0 (Windows NT 10.0; Win64; x64) AppleWebKit/537.36 (KHTML, like Gecko) Chrome/90.0.4430.212 Safari/537.36"
127.0.0.1 - - [14/May/2021:19:10:14 +0930] "GET /phpmyadmin/js/messages.php?l=en&v=5.1.0 HTTP/1.1" 200 7827 "-" "Mozilla/5.0 (Windows NT 10.0; Win64; x64) AppleWebKit/537.36 (KHTML, like Gecko) Chrome/90.0.4430.212 Safari/537.36"
127.0.0.1 - - [14/May/2021:19:10:14 +0930] "POST /phpmyadmin/index.php?route=/config/get HTTP/1.1" 200 1565 "-" "Mozilla/5.0 (Windows NT 10.0; Win64; x64) AppleWebKit/537.36 (KHTML, like Gecko) Chrome/90.0.4430.212 Safari/537.36"
127.0.0.1 - - [14/May/2021:19:10:14 +0930] "POST /phpmyadmin/index.php?route=/navigation&ajax_request=1 HTTP/1.1" 200 2265 "-" "Mozilla/5.0 (Windows NT 10.0; Win64; x64) AppleWebKit/537.36 (KHTML, like Gecko) Chrome/90.0.4430.212 Safari/537.36"
::1 - - [14/May/2021:19:10:14 +0930] "POST /phpmyadmin/index.php?route=/config/get HTTP/1.1" 200 1656 "-" "Mozilla/5.0 (Windows NT 10.0; Win64; x64) AppleWebKit/537.36 (KHTML, like Gecko) Chrome/90.0.4430.212 Safari/537.36"
::1 - - [14/May/2021:19:10:14 +0930] "POST /phpmyadmin/index.php?route=/version-check HTTP/1.1" 200 64 "-" "Mozilla/5.0 (Windows NT 10.0; Win64; x64) AppleWebKit/537.36 (KHTML, like Gecko) Chrome/90.0.4430.212 Safari/537.36"
::1 - - [14/May/2021:19:10:14 +0930] "POST /phpmyadmin/index.php?route=/database/structure/favorite-table&ajax_request=1&favorite_table=1&sync_favorite_tables=1 HTTP/1.1" 200 155 "-" "Mozilla/5.0 (Windows NT 10.0; Win64; x64) AppleWebKit/537.36 (KHTML, like Gecko) Chrome/90.0.4430.212 Safari/537.36"
::1 - - [14/May/2021:19:10:14 +0930] "POST /phpmyadmin/index.php?route=/config/set HTTP/1.1" 200 1557 "-" "Mozilla/5.0 (Windows NT 10.0; Win64; x64) AppleWebKit/537.36 (KHTML, like Gecko) Chrome/90.0.4430.212 Safari/537.36"
::1 - - [14/May/2021:19:10:19 +0930] "GET /phpmyadmin/index.php?route=/server/privileges&viewing_mode=server&ajax_request=true&ajax_page_request=true&_nocache=1620985219044318920&token=534472543d55364a336635567f254b68 HTTP/1.1" 200 3392 "-" "Mozilla/5.0 (Windows NT 10.0; Win64; x64) AppleWebKit/537.36 (KHTML, like Gecko) Chrome/90.0.4430.212 Safari/537.36"
::1 - - [14/May/2021:19:10:19 +0930] "GET /phpmyadmin/themes/pmahomme/img/b_tblexport.png HTTP/1.1" 200 514 "http://localhost/phpmyadmin/themes/pmahomme/css/theme.css?v=5.1.0&nocache=6247129122ltr&server=1" "Mozilla/5.0 (Windows NT 10.0; Win64; x64) AppleWebKit/537.36 (KHTML, like Gecko) Chrome/90.0.4430.212 Safari/537.36"
::1 - - [14/May/2021:19:10:19 +0930] "GET /phpmyadmin/themes/pmahomme/img/b_usredit.png HTTP/1.1" 200 757 "http://localhost/phpmyadmin/themes/pmahomme/css/theme.css?v=5.1.0&nocache=6247129122ltr&server=1" "Mozilla/5.0 (Windows NT 10.0; Win64; x64) AppleWebKit/537.36 (KHTML, like Gecko) Chrome/90.0.4430.212 Safari/537.36"
::1 - - [14/May/2021:19:10:19 +0930] "GET /phpmyadmin/themes/pmahomme/img/b_usradd.png HTTP/1.1" 200 670 "http://localhost/phpmyadmin/themes/pmahomme/css/theme.css?v=5.1.0&nocache=6247129122ltr&server=1" "Mozilla/5.0 (Windows NT 10.0; Win64; x64) AppleWebKit/537.36 (KHTML, like Gecko) Chrome/90.0.4430.212 Safari/537.36"
::1 - - [14/May/2021:19:10:19 +0930] "GET /phpmyadmin/themes/pmahomme/img/b_usrdrop.png HTTP/1.1" 200 697 "http://localhost/phpmyadmin/themes/pmahomme/css/theme.css?v=5.1.0&nocache=6247129122ltr&server=1" "Mozilla/5.0 (Windows NT 10.0; Win64; x64) AppleWebKit/537.36 (KHTML, like Gecko) Chrome/90.0.4430.212 Safari/537.36"
::1 - - [14/May/2021:19:10:19 +0930] "GET /phpmyadmin/js/dist/server/privileges.js?v=5.1.0 HTTP/1.1" 200 15361 "-" "Mozilla/5.0 (Windows NT 10.0; Win64; x64) AppleWebKit/537.36 (KHTML, like Gecko) Chrome/90.0.4430.212 Safari/537.36"
::1 - - [14/May/2021:19:10:19 +0930] "GET /phpmyadmin/js/vendor/zxcvbn.js?v=5.1.0 HTTP/1.1" 200 821792 "-" "Mozilla/5.0 (Windows NT 10.0; Win64; x64) AppleWebKit/537.36 (KHTML, like Gecko) Chrome/90.0.4430.212 Safari/537.36"
::1 - - [14/May/2021:19:10:39 +0930] "GET /phpmyadmin/index.php?route=/server/privileges&username=root&hostname=localhost&dbname=&tablename=&routinename=&ajax_request=true&ajax_page_request=true&_nocache=1620985239199649494&token=534472543d55364a336635567f254b68 HTTP/1.1" 200 6478 "-" "Mozilla/5.0 (Windows NT 10.0; Win64; x64) AppleWebKit/537.36 (KHTML, like Gecko) Chrome/90.0.4430.212 Safari/537.36"
::1 - - [14/May/2021:19:10:42 +0930] "GET /phpmyadmin/index.php?route=%2Fserver%2Fprivileges&server=1&viewing_mode=server&ajax_request=true&ajax_page_request=true&_nocache=1620985242094120547&token=534472543d55364a336635567f254b68 HTTP/1.1" 200 3392 "-" "Mozilla/5.0 (Windows NT 10.0; Win64; x64) AppleWebKit/537.36 (KHTML, like Gecko) Chrome/90.0.4430.212 Safari/537.36"
::1 - - [14/May/2021:19:10:45 +0930] "GET /phpmyadmin/index.php?route=/server/privileges&username=root&hostname=%3A%3A1&dbname=&tablename=&routinename=&ajax_request=true&ajax_page_request=true&_nocache=1620985245097137889&token=534472543d55364a336635567f254b68 HTTP/1.1" 200 6415 "-" "Mozilla/5.0 (Windows NT 10.0; Win64; x64) AppleWebKit/537.36 (KHTML, like Gecko) Chrome/90.0.4430.212 Safari/537.36"
::1 - - [14/May/2021:19:10:49 +0930] "GET /phpmyadmin/index.php?route=%2Fserver%2Fprivileges&server=1&viewing_mode=server&ajax_request=true&ajax_page_request=true&_nocache=1620985249607714126&token=534472543d55364a336635567f254b68 HTTP/1.1" 200 3392 "-" "Mozilla/5.0 (Windows NT 10.0; Win64; x64) AppleWebKit/537.36 (KHTML, like Gecko) Chrome/90.0.4430.212 Safari/537.36"
::1 - - [14/May/2021:19:10:52 +0930] "GET /phpmyadmin/index.php?route=/server/privileges&username=root&hostname=127.0.0.1&dbname=&tablename=&routinename=&ajax_request=true&ajax_page_request=true&_nocache=1620985252751418122&token=534472543d55364a336635567f254b68 HTTP/1.1" 200 6421 "-" "Mozilla/5.0 (Windows NT 10.0; Win64; x64) AppleWebKit/537.36 (KHTML, like Gecko) Chrome/90.0.4430.212 Safari/537.36"
::1 - - [14/May/2021:19:10:54 +0930] "GET /phpmyadmin/index.php?route=%2Fserver%2Fprivileges&server=1&viewing_mode=server&ajax_request=true&ajax_page_request=true&_nocache=1620985254815307586&token=534472543d55364a336635567f254b68 HTTP/1.1" 200 3392 "-" "Mozilla/5.0 (Windows NT 10.0; Win64; x64) AppleWebKit/537.36 (KHTML, like Gecko) Chrome/90.0.4430.212 Safari/537.36"
::1 - - [14/May/2021:19:10:55 +0930] "GET /phpmyadmin/themes/pmahomme/img/s_unlink.png HTTP/1.1" 200 589 "http://localhost/phpmyadmin/themes/pmahomme/css/theme.css?v=5.1.0&nocache=6247129122ltr&server=1" "Mozilla/5.0 (Windows NT 10.0; Win64; x64) AppleWebKit/537.36 (KHTML, like Gecko) Chrome/90.0.4430.212 Safari/537.36"
::1 - - [14/May/2021:19:11:15 +0930] "GET / HTTP/1.1" 200 597 "-" "Mozilla/5.0 (Windows NT 10.0; Win64; x64) AppleWebKit/537.36 (KHTML, like Gecko) Chrome/90.0.4430.93 Safari/537.36 Edg/90.0.818.56"
127.0.0.1 - - [14/May/2021:19:13:16 +0930] "GET / HTTP/1.1" 200 597 "-" "Mozilla/5.0 (Windows NT 10.0; Win64; x64) AppleWebKit/537.36 (KHTML, like Gecko) Chrome/90.0.4430.212 Safari/537.36"
127.0.0.1 - - [14/May/2021:19:13:20 +0930] "GET /favicon.ico HTTP/1.1" 200 30894 "http://localhost/" "Mozilla/5.0 (Windows NT 10.0; Win64; x64) AppleWebKit/537.36 (KHTML, like Gecko) Chrome/90.0.4430.212 Safari/537.36"
::1 - - [14/May/2021:19:13:25 +0930] "GET /phpmyadmin/ HTTP/1.1" 200 15717 "-" "Mozilla/5.0 (Windows NT 10.0; Win64; x64) AppleWebKit/537.36 (KHTML, like Gecko) Chrome/90.0.4430.212 Safari/537.36"
::1 - - [14/May/2021:19:13:26 +0930] "GET /phpmyadmin/themes/pmahomme/css/theme.css?v=5.1.0&nocache=6296449309ltr&server=1 HTTP/1.1" 200 214806 "-" "Mozilla/5.0 (Windows NT 10.0; Win64; x64) AppleWebKit/537.36 (KHTML, like Gecko) Chrome/90.0.4430.212 Safari/537.36"
::1 - - [14/May/2021:19:13:26 +0930] "POST /phpmyadmin/index.php?route=/config/get HTTP/1.1" 200 1565 "-" "Mozilla/5.0 (Windows NT 10.0; Win64; x64) AppleWebKit/537.36 (KHTML, like Gecko) Chrome/90.0.4430.212 Safari/537.36"
::1 - - [14/May/2021:19:13:26 +0930] "POST /phpmyadmin/index.php?route=/navigation&ajax_request=1 HTTP/1.1" 200 2266 "-" "Mozilla/5.0 (Windows NT 10.0; Win64; x64) AppleWebKit/537.36 (KHTML, like Gecko) Chrome/90.0.4430.212 Safari/537.36"
::1 - - [14/May/2021:19:13:26 +0930] "POST /phpmyadmin/index.php?route=/config/get HTTP/1.1" 200 1656 "-" "Mozilla/5.0 (Windows NT 10.0; Win64; x64) AppleWebKit/537.36 (KHTML, like Gecko) Chrome/90.0.4430.212 Safari/537.36"
::1 - - [14/May/2021:19:13:26 +0930] "POST /phpmyadmin/index.php?route=/version-check HTTP/1.1" 200 64 "-" "Mozilla/5.0 (Windows NT 10.0; Win64; x64) AppleWebKit/537.36 (KHTML, like Gecko) Chrome/90.0.4430.212 Safari/537.36"
::1 - - [14/May/2021:19:13:26 +0930] "POST /phpmyadmin/index.php?route=/database/structure/favorite-table&ajax_request=1&favorite_table=1&sync_favorite_tables=1 HTTP/1.1" 200 155 "-" "Mozilla/5.0 (Windows NT 10.0; Win64; x64) AppleWebKit/537.36 (KHTML, like Gecko) Chrome/90.0.4430.212 Safari/537.36"
::1 - - [14/May/2021:19:13:26 +0930] "POST /phpmyadmin/index.php?route=/config/set HTTP/1.1" 200 1556 "-" "Mozilla/5.0 (Windows NT 10.0; Win64; x64) AppleWebKit/537.36 (KHTML, like Gecko) Chrome/90.0.4430.212 Safari/537.36"
::1 - - [14/May/2021:19:15:48 +0930] "GET / HTTP/1.1" 200 2706 "-" "Mozilla/5.0 (Windows NT 10.0; Win64; x64) AppleWebKit/537.36 (KHTML, like Gecko) Chrome/90.0.4430.212 Safari/537.36"
::1 - - [14/May/2021:19:15:56 +0930] "GET / HTTP/1.1" 200 2706 "http://localhost/" "Mozilla/5.0 (Windows NT 10.0; Win64; x64) AppleWebKit/537.36 (KHTML, like Gecko) Chrome/90.0.4430.212 Safari/537.36"
::1 - - [14/May/2021:19:15:56 +0930] "GET /notes HTTP/1.1" 200 2711 "http://localhost/" "Mozilla/5.0 (Windows NT 10.0; Win64; x64) AppleWebKit/537.36 (KHTML, like Gecko) Chrome/90.0.4430.212 Safari/537.36"
::1 - - [14/May/2021:19:15:57 +0930] "GET /notes/1 HTTP/1.1" 200 2713 "http://localhost/notes" "Mozilla/5.0 (Windows NT 10.0; Win64; x64) AppleWebKit/537.36 (KHTML, like Gecko) Chrome/90.0.4430.212 Safari/537.36"
::1 - - [14/May/2021:19:15:57 +0930] "GET /notes/2 HTTP/1.1" 200 2713 "http://localhost/notes/1" "Mozilla/5.0 (Windows NT 10.0; Win64; x64) AppleWebKit/537.36 (KHTML, like Gecko) Chrome/90.0.4430.212 Safari/537.36"
::1 - - [14/May/2021:19:15:59 +0930] "GET /article/2013/8/21 HTTP/1.1" 200 2723 "http://localhost/notes/2" "Mozilla/5.0 (Windows NT 10.0; Win64; x64) AppleWebKit/537.36 (KHTML, like Gecko) Chrome/90.0.4430.212 Safari/537.36"
::1 - - [14/May/2021:19:15:59 +0930] "GET /blog/jones/2091 HTTP/1.1" 200 2721 "http://localhost/article/2013/8/21" "Mozilla/5.0 (Windows NT 10.0; Win64; x64) AppleWebKit/537.36 (KHTML, like Gecko) Chrome/90.0.4430.212 Safari/537.36"
::1 - - [14/May/2021:19:16:00 +0930] "GET /car/holden/hq HTTP/1.1" 200 2719 "http://localhost/blog/jones/2091" "Mozilla/5.0 (Windows NT 10.0; Win64; x64) AppleWebKit/537.36 (KHTML, like Gecko) Chrome/90.0.4430.212 Safari/537.36"
::1 - - [14/May/2021:19:16:00 +0930] "GET /tool/screwdriver/flathead HTTP/1.1" 200 2731 "http://localhost/car/holden/hq" "Mozilla/5.0 (Windows NT 10.0; Win64; x64) AppleWebKit/537.36 (KHTML, like Gecko) Chrome/90.0.4430.212 Safari/537.36"
::1 - - [14/May/2021:19:16:35 +0930] "GET / HTTP/1.1" 200 2706 "http://localhost/tool/screwdriver/flathead" "Mozilla/5.0 (Windows NT 10.0; Win64; x64) AppleWebKit/537.36 (KHTML, like Gecko) Chrome/90.0.4430.212 Safari/537.36"
::1 - - [14/May/2021:19:16:37 +0930] "GET /notes HTTP/1.1" 200 2711 "http://localhost/" "Mozilla/5.0 (Windows NT 10.0; Win64; x64) AppleWebKit/537.36 (KHTML, like Gecko) Chrome/90.0.4430.212 Safari/537.36"
::1 - - [14/May/2021:19:16:39 +0930] "GET /notes/1 HTTP/1.1" 200 2713 "http://localhost/notes" "Mozilla/5.0 (Windows NT 10.0; Win64; x64) AppleWebKit/537.36 (KHTML, like Gecko) Chrome/90.0.4430.212 Safari/537.36"
::1 - - [14/May/2021:19:16:41 +0930] "GET /notes/2 HTTP/1.1" 200 2713 "http://localhost/notes/1" "Mozilla/5.0 (Windows NT 10.0; Win64; x64) AppleWebKit/537.36 (KHTML, like Gecko) Chrome/90.0.4430.212 Safari/537.36"
::1 - - [14/May/2021:19:16:45 +0930] "GET /article/2013/8/21 HTTP/1.1" 200 2723 "http://localhost/notes/2" "Mozilla/5.0 (Windows NT 10.0; Win64; x64) AppleWebKit/537.36 (KHTML, like Gecko) Chrome/90.0.4430.212 Safari/537.36"
::1 - - [14/May/2021:19:16:47 +0930] "GET /blog/jones/2091 HTTP/1.1" 200 2721 "http://localhost/article/2013/8/21" "Mozilla/5.0 (Windows NT 10.0; Win64; x64) AppleWebKit/537.36 (KHTML, like Gecko) Chrome/90.0.4430.212 Safari/537.36"
::1 - - [14/May/2021:19:16:50 +0930] "GET /car/holden/hq HTTP/1.1" 200 2719 "http://localhost/blog/jones/2091" "Mozilla/5.0 (Windows NT 10.0; Win64; x64) AppleWebKit/537.36 (KHTML, like Gecko) Chrome/90.0.4430.212 Safari/537.36"
::1 - - [14/May/2021:19:16:51 +0930] "GET /car/holden/hq HTTP/1.1" 200 2719 "http://localhost/car/holden/hq" "Mozilla/5.0 (Windows NT 10.0; Win64; x64) AppleWebKit/537.36 (KHTML, like Gecko) Chrome/90.0.4430.212 Safari/537.36"
::1 - - [14/May/2021:19:16:53 +0930] "POST /user/34 HTTP/1.1" 200 2716 "http://localhost/car/holden/hq" "Mozilla/5.0 (Windows NT 10.0; Win64; x64) AppleWebKit/537.36 (KHTML, like Gecko) Chrome/90.0.4430.212 Safari/537.36"
::1 - - [14/May/2021:19:16:54 +0930] "GET /user/34? HTTP/1.1" 200 2714 "http://localhost/user/34" "Mozilla/5.0 (Windows NT 10.0; Win64; x64) AppleWebKit/537.36 (KHTML, like Gecko) Chrome/90.0.4430.212 Safari/537.36"
::1 - - [14/May/2021:19:16:54 +0930] "GET /user/34? HTTP/1.1" 200 2714 "http://localhost/user/34?" "Mozilla/5.0 (Windows NT 10.0; Win64; x64) AppleWebKit/537.36 (KHTML, like Gecko) Chrome/90.0.4430.212 Safari/537.36"
::1 - - [14/May/2021:19:16:55 +0930] "POST /user/34 HTTP/1.1" 200 2716 "http://localhost/user/34?" "Mozilla/5.0 (Windows NT 10.0; Win64; x64) AppleWebKit/537.36 (KHTML, like Gecko) Chrome/90.0.4430.212 Safari/537.36"
::1 - - [14/May/2021:19:16:56 +0930] "POST /user/34 HTTP/1.1" 200 2713 "http://localhost/user/34" "Mozilla/5.0 (Windows NT 10.0; Win64; x64) AppleWebKit/537.36 (KHTML, like Gecko) Chrome/90.0.4430.212 Safari/537.36"
::1 - - [14/May/2021:19:16:57 +0930] "POST /user HTTP/1.1" 200 2711 "http://localhost/user/34" "Mozilla/5.0 (Windows NT 10.0; Win64; x64) AppleWebKit/537.36 (KHTML, like Gecko) Chrome/90.0.4430.212 Safari/537.36"
::1 - - [14/May/2021:19:16:58 +0930] "GET /search?search= HTTP/1.1" 200 2720 "http://localhost/user" "Mozilla/5.0 (Windows NT 10.0; Win64; x64) AppleWebKit/537.36 (KHTML, like Gecko) Chrome/90.0.4430.212 Safari/537.36"
::1 - - [14/May/2021:19:17:47 +0930] "GET / HTTP/1.1" 200 633 "-" "Mozilla/5.0 (Windows NT 10.0; Win64; x64) AppleWebKit/537.36 (KHTML, like Gecko) Chrome/90.0.4430.212 Safari/537.36"
::1 - - [14/May/2021:19:17:47 +0930] "GET /css/standard.css HTTP/1.1" 200 736 "http://localhost/" "Mozilla/5.0 (Windows NT 10.0; Win64; x64) AppleWebKit/537.36 (KHTML, like Gecko) Chrome/90.0.4430.212 Safari/537.36"
::1 - - [14/May/2021:19:17:47 +0930] "GET /js/delete.js HTTP/1.1" 200 183 "http://localhost/" "Mozilla/5.0 (Windows NT 10.0; Win64; x64) AppleWebKit/537.36 (KHTML, like Gecko) Chrome/90.0.4430.212 Safari/537.36"
::1 - - [14/May/2021:19:17:47 +0930] "GET /js/jquery-1.9.1.js HTTP/1.1" 200 268381 "http://localhost/" "Mozilla/5.0 (Windows NT 10.0; Win64; x64) AppleWebKit/537.36 (KHTML, like Gecko) Chrome/90.0.4430.212 Safari/537.36"
::1 - - [14/May/2021:19:17:48 +0930] "GET /signin HTTP/1.1" 302 - "http://localhost/" "Mozilla/5.0 (Windows NT 10.0; Win64; x64) AppleWebKit/537.36 (KHTML, like Gecko) Chrome/90.0.4430.212 Safari/537.36"
::1 - - [14/May/2021:19:17:48 +0930] "GET /signin HTTP/1.1" 200 976
::1 - - [14/May/2021:19:17:48 +0930] "GET /css/standard.css HTTP/1.1" 200 736
::1 - - [14/May/2021:19:17:48 +0930] "GET /js/delete.js HTTP/1.1" 200 183
::1 - - [14/May/2021:19:17:48 +0930] "GET /js/jquery-1.9.1.js HTTP/1.1" 200 268381
::1 - - [14/May/2021:19:17:48 +0930] "GET /favicon.ico HTTP/1.1" 200 30894
::1 - - [14/May/2021:19:17:49 +0930] "GET /signin HTTP/1.1" 200 976
::1 - - [14/May/2021:19:17:49 +0930] "GET /favicon.ico HTTP/1.1" 200 30894
::1 - - [14/May/2021:19:17:50 +0930] "GET / HTTP/1.1" 302 -
::1 - - [14/May/2021:19:17:50 +0930] "GET / HTTP/1.1" 200 633 "-" "Mozilla/5.0 (Windows NT 10.0; Win64; x64) AppleWebKit/537.36 (KHTML, like Gecko) Chrome/90.0.4430.212 Safari/537.36"
::1 - - [14/May/2021:19:17:50 +0930] "GET /signin HTTP/1.1" 302 - "http://localhost/" "Mozilla/5.0 (Windows NT 10.0; Win64; x64) AppleWebKit/537.36 (KHTML, like Gecko) Chrome/90.0.4430.212 Safari/537.36"
::1 - - [14/May/2021:19:17:50 +0930] "GET /signin HTTP/1.1" 200 976
::1 - - [14/May/2021:19:17:51 +0930] "GET /css/standard.css HTTP/1.1" 200 736
::1 - - [14/May/2021:19:17:51 +0930] "GET /js/jquery-1.9.1.js HTTP/1.1" 200 268381
::1 - - [14/May/2021:19:17:51 +0930] "GET /js/delete.js HTTP/1.1" 200 183
::1 - - [14/May/2021:19:17:51 +0930] "GET /signin HTTP/1.1" 200 976
::1 - - [14/May/2021:19:17:52 +0930] "GET /favicon.ico HTTP/1.1" 200 30894
::1 - - [14/May/2021:19:17:56 +0930] "POST /signin HTTP/1.1" 302 -
::1 - - [14/May/2021:19:17:56 +0930] "GET /signin HTTP/1.1" 200 1139
::1 - - [14/May/2021:19:17:56 +0930] "GET /favicon.ico HTTP/1.1" 200 30894
::1 - - [14/May/2021:19:18:06 +0930] "GET / HTTP/1.1" 200 633 "-" "Mozilla/5.0 (Windows NT 10.0; Win64; x64) AppleWebKit/537.36 (KHTML, like Gecko) Chrome/90.0.4430.212 Safari/537.36"
::1 - - [14/May/2021:19:18:12 +0930] "GET /admin HTTP/1.1" 404 684 "-" "Mozilla/5.0 (Windows NT 10.0; Win64; x64) AppleWebKit/537.36 (KHTML, like Gecko) Chrome/90.0.4430.212 Safari/537.36"
::1 - - [14/May/2021:19:18:17 +0930] "GET /phpmyadmin/ HTTP/1.1" 200 15717 "-" "Mozilla/5.0 (Windows NT 10.0; Win64; x64) AppleWebKit/537.36 (KHTML, like Gecko) Chrome/90.0.4430.212 Safari/537.36"
::1 - - [14/May/2021:19:18:17 +0930] "GET /phpmyadmin/themes/pmahomme/css/theme.css?v=5.1.0&nocache=6296449499ltr&server=1 HTTP/1.1" 200 214806 "-" "Mozilla/5.0 (Windows NT 10.0; Win64; x64) AppleWebKit/537.36 (KHTML, like Gecko) Chrome/90.0.4430.212 Safari/537.36"
::1 - - [14/May/2021:19:18:17 +0930] "POST /phpmyadmin/index.php?route=/config/get HTTP/1.1" 200 1565 "-" "Mozilla/5.0 (Windows NT 10.0; Win64; x64) AppleWebKit/537.36 (KHTML, like Gecko) Chrome/90.0.4430.212 Safari/537.36"
::1 - - [14/May/2021:19:18:17 +0930] "POST /phpmyadmin/index.php?route=/navigation&ajax_request=1 HTTP/1.1" 200 2266 "-" "Mozilla/5.0 (Windows NT 10.0; Win64; x64) AppleWebKit/537.36 (KHTML, like Gecko) Chrome/90.0.4430.212 Safari/537.36"
::1 - - [14/May/2021:19:18:17 +0930] "POST /phpmyadmin/index.php?route=/config/get HTTP/1.1" 200 1656 "-" "Mozilla/5.0 (Windows NT 10.0; Win64; x64) AppleWebKit/537.36 (KHTML, like Gecko) Chrome/90.0.4430.212 Safari/537.36"
::1 - - [14/May/2021:19:18:17 +0930] "POST /phpmyadmin/index.php?route=/version-check HTTP/1.1" 200 64 "-" "Mozilla/5.0 (Windows NT 10.0; Win64; x64) AppleWebKit/537.36 (KHTML, like Gecko) Chrome/90.0.4430.212 Safari/537.36"
::1 - - [14/May/2021:19:18:17 +0930] "POST /phpmyadmin/index.php?route=/database/structure/favorite-table&ajax_request=1&favorite_table=1&sync_favorite_tables=1 HTTP/1.1" 200 155 "-" "Mozilla/5.0 (Windows NT 10.0; Win64; x64) AppleWebKit/537.36 (KHTML, like Gecko) Chrome/90.0.4430.212 Safari/537.36"
::1 - - [14/May/2021:19:18:17 +0930] "POST /phpmyadmin/index.php?route=/config/set HTTP/1.1" 200 1556 "-" "Mozilla/5.0 (Windows NT 10.0; Win64; x64) AppleWebKit/537.36 (KHTML, like Gecko) Chrome/90.0.4430.212 Safari/537.36"
::1 - - [14/May/2021:19:18:27 +0930] "GET /phpmyadmin/themes/pmahomme/jquery/images/ui-bg_highlight-soft_75_cccccc_1x100.png HTTP/1.1" 200 122 "http://localhost/phpmyadmin/themes/pmahomme/jquery/jquery-ui.css" "Mozilla/5.0 (Windows NT 10.0; Win64; x64) AppleWebKit/537.36 (KHTML, like Gecko) Chrome/90.0.4430.212 Safari/537.36"
::1 - - [14/May/2021:19:18:27 +0930] "GET /phpmyadmin/themes/pmahomme/jquery/images/ui-bg_glass_75_e6e6e6_1x400.png HTTP/1.1" 200 121 "http://localhost/phpmyadmin/themes/pmahomme/jquery/jquery-ui.css" "Mozilla/5.0 (Windows NT 10.0; Win64; x64) AppleWebKit/537.36 (KHTML, like Gecko) Chrome/90.0.4430.212 Safari/537.36"
::1 - - [14/May/2021:19:18:27 +0930] "GET /phpmyadmin/themes/pmahomme/jquery/images/ui-icons_888888_256x240.png HTTP/1.1" 200 3765 "http://localhost/phpmyadmin/themes/pmahomme/jquery/jquery-ui.css" "Mozilla/5.0 (Windows NT 10.0; Win64; x64) AppleWebKit/537.36 (KHTML, like Gecko) Chrome/90.0.4430.212 Safari/537.36"
::1 - - [14/May/2021:19:18:27 +0930] "GET /phpmyadmin/themes/pmahomme/jquery/images/ui-icons_222222_256x240.png HTTP/1.1" 200 3765 "http://localhost/phpmyadmin/themes/pmahomme/jquery/jquery-ui.css" "Mozilla/5.0 (Windows NT 10.0; Win64; x64) AppleWebKit/537.36 (KHTML, like Gecko) Chrome/90.0.4430.212 Safari/537.36"
::1 - - [14/May/2021:19:18:29 +0930] "GET /phpmyadmin/themes/pmahomme/jquery/images/ui-icons_454545_256x240.png HTTP/1.1" 200 3765 "http://localhost/phpmyadmin/themes/pmahomme/jquery/jquery-ui.css" "Mozilla/5.0 (Windows NT 10.0; Win64; x64) AppleWebKit/537.36 (KHTML, like Gecko) Chrome/90.0.4430.212 Safari/537.36"
::1 - - [14/May/2021:19:18:29 +0930] "GET /phpmyadmin/themes/pmahomme/jquery/images/ui-bg_glass_75_dadada_1x400.png HTTP/1.1" 200 126 "http://localhost/phpmyadmin/themes/pmahomme/jquery/jquery-ui.css" "Mozilla/5.0 (Windows NT 10.0; Win64; x64) AppleWebKit/537.36 (KHTML, like Gecko) Chrome/90.0.4430.212 Safari/537.36"
::1 - - [14/May/2021:19:18:29 +0930] "GET /phpmyadmin/themes/pmahomme/jquery/images/ui-bg_glass_65_ffffff_1x400.png HTTP/1.1" 200 73 "http://localhost/phpmyadmin/themes/pmahomme/jquery/jquery-ui.css" "Mozilla/5.0 (Windows NT 10.0; Win64; x64) AppleWebKit/537.36 (KHTML, like Gecko) Chrome/90.0.4430.212 Safari/537.36"
::1 - - [14/May/2021:19:18:30 +0930] "GET /phpmyadmin/index.php?route=/&ajax_request=true&ajax_page_request=true&_nocache=1620985710899889004&token=30603c3d683c44697f583e3f2375312f HTTP/1.1" 200 8312 "-" "Mozilla/5.0 (Windows NT 10.0; Win64; x64) AppleWebKit/537.36 (KHTML, like Gecko) Chrome/90.0.4430.212 Safari/537.36"
::1 - - [14/May/2021:19:18:31 +0930] "POST /phpmyadmin/index.php?route=/database/structure/favorite-table&ajax_request=1&favorite_table=1&sync_favorite_tables=1 HTTP/1.1" 200 155 "-" "Mozilla/5.0 (Windows NT 10.0; Win64; x64) AppleWebKit/537.36 (KHTML, like Gecko) Chrome/90.0.4430.212 Safari/537.36"
::1 - - [14/May/2021:19:18:31 +0930] "POST /phpmyadmin/index.php?route=/version-check HTTP/1.1" 200 64 "-" "Mozilla/5.0 (Windows NT 10.0; Win64; x64) AppleWebKit/537.36 (KHTML, like Gecko) Chrome/90.0.4430.212 Safari/537.36"
::1 - - [14/May/2021:19:18:31 +0930] "GET /phpmyadmin/index.php?route=/&ajax_request=true&ajax_page_request=true&_nocache=1620985711772558425&token=30603c3d683c44697f583e3f2375312f HTTP/1.1" 200 8312 "-" "Mozilla/5.0 (Windows NT 10.0; Win64; x64) AppleWebKit/537.36 (KHTML, like Gecko) Chrome/90.0.4430.212 Safari/537.36"
::1 - - [14/May/2021:19:18:31 +0930] "POST /phpmyadmin/index.php?route=/version-check HTTP/1.1" 200 64 "-" "Mozilla/5.0 (Windows NT 10.0; Win64; x64) AppleWebKit/537.36 (KHTML, like Gecko) Chrome/90.0.4430.212 Safari/537.36"
::1 - - [14/May/2021:19:18:31 +0930] "POST /phpmyadmin/index.php?route=/database/structure/favorite-table&ajax_request=1&favorite_table=1&sync_favorite_tables=1 HTTP/1.1" 200 155 "-" "Mozilla/5.0 (Windows NT 10.0; Win64; x64) AppleWebKit/537.36 (KHTML, like Gecko) Chrome/90.0.4430.212 Safari/537.36"
::1 - - [14/May/2021:19:18:32 +0930] "GET /phpmyadmin/index.php?route=/&ajax_request=true&ajax_page_request=true&_nocache=1620985712541462780&token=30603c3d683c44697f583e3f2375312f HTTP/1.1" 200 8312 "-" "Mozilla/5.0 (Windows NT 10.0; Win64; x64) AppleWebKit/537.36 (KHTML, like Gecko) Chrome/90.0.4430.212 Safari/537.36"
::1 - - [14/May/2021:19:18:32 +0930] "POST /phpmyadmin/index.php?route=/version-check HTTP/1.1" 200 64 "-" "Mozilla/5.0 (Windows NT 10.0; Win64; x64) AppleWebKit/537.36 (KHTML, like Gecko) Chrome/90.0.4430.212 Safari/537.36"
::1 - - [14/May/2021:19:18:32 +0930] "POST /phpmyadmin/index.php?route=/database/structure/favorite-table&ajax_request=1&favorite_table=1&sync_favorite_tables=1 HTTP/1.1" 200 155 "-" "Mozilla/5.0 (Windows NT 10.0; Win64; x64) AppleWebKit/537.36 (KHTML, like Gecko) Chrome/90.0.4430.212 Safari/537.36"
::1 - - [14/May/2021:19:19:04 +0930] "POST /signin HTTP/1.1" 302 -
::1 - - [14/May/2021:19:19:04 +0930] "GET /signin HTTP/1.1" 200 1139
::1 - - [14/May/2021:19:19:04 +0930] "GET /favicon.ico HTTP/1.1" 200 30894
::1 - - [14/May/2021:19:23:05 +0930] "GET /phpmyadmin/index.php?route=/database/structure&server=1&db=phpmyadmin&ajax_request=true&ajax_page_request=true&_nocache=1620985985111388901&token=30603c3d683c44697f583e3f2375312f HTTP/1.1" 200 8927 "-" "Mozilla/5.0 (Windows NT 10.0; Win64; x64) AppleWebKit/537.36 (KHTML, like Gecko) Chrome/90.0.4430.212 Safari/537.36"
::1 - - [14/May/2021:19:23:05 +0930] "GET /phpmyadmin/themes/pmahomme/img/b_no_favorite.png HTTP/1.1" 200 377 "http://localhost/phpmyadmin/themes/pmahomme/css/theme.css?v=5.1.0&nocache=6296449499ltr&server=1" "Mozilla/5.0 (Windows NT 10.0; Win64; x64) AppleWebKit/537.36 (KHTML, like Gecko) Chrome/90.0.4430.212 Safari/537.36"
::1 - - [14/May/2021:19:23:05 +0930] "GET /phpmyadmin/themes/pmahomme/img/bd_browse.png HTTP/1.1" 200 271 "http://localhost/phpmyadmin/themes/pmahomme/css/theme.css?v=5.1.0&nocache=6296449499ltr&server=1" "Mozilla/5.0 (Windows NT 10.0; Win64; x64) AppleWebKit/537.36 (KHTML, like Gecko) Chrome/90.0.4430.212 Safari/537.36"
::1 - - [14/May/2021:19:23:05 +0930] "GET /phpmyadmin/themes/pmahomme/img/bd_select.png HTTP/1.1" 200 325 "http://localhost/phpmyadmin/themes/pmahomme/css/theme.css?v=5.1.0&nocache=6296449499ltr&server=1" "Mozilla/5.0 (Windows NT 10.0; Win64; x64) AppleWebKit/537.36 (KHTML, like Gecko) Chrome/90.0.4430.212 Safari/537.36"
::1 - - [14/May/2021:19:23:05 +0930] "GET /phpmyadmin/themes/pmahomme/img/b_insrow.png HTTP/1.1" 200 157 "http://localhost/phpmyadmin/themes/pmahomme/css/theme.css?v=5.1.0&nocache=6296449499ltr&server=1" "Mozilla/5.0 (Windows NT 10.0; Win64; x64) AppleWebKit/537.36 (KHTML, like Gecko) Chrome/90.0.4430.212 Safari/537.36"
::1 - - [14/May/2021:19:23:05 +0930] "GET /phpmyadmin/themes/pmahomme/img/bd_empty.png HTTP/1.1" 200 327 "http://localhost/phpmyadmin/themes/pmahomme/css/theme.css?v=5.1.0&nocache=6296449499ltr&server=1" "Mozilla/5.0 (Windows NT 10.0; Win64; x64) AppleWebKit/537.36 (KHTML, like Gecko) Chrome/90.0.4430.212 Safari/537.36"
::1 - - [14/May/2021:19:23:05 +0930] "GET /phpmyadmin/themes/pmahomme/img/b_drop.png HTTP/1.1" 200 637 "http://localhost/phpmyadmin/themes/pmahomme/css/theme.css?v=5.1.0&nocache=6296449499ltr&server=1" "Mozilla/5.0 (Windows NT 10.0; Win64; x64) AppleWebKit/537.36 (KHTML, like Gecko) Chrome/90.0.4430.212 Safari/537.36"
::1 - - [14/May/2021:19:23:05 +0930] "GET /phpmyadmin/themes/pmahomme/img/b_browse.png HTTP/1.1" 200 486 "http://localhost/phpmyadmin/themes/pmahomme/css/theme.css?v=5.1.0&nocache=6296449499ltr&server=1" "Mozilla/5.0 (Windows NT 10.0; Win64; x64) AppleWebKit/537.36 (KHTML, like Gecko) Chrome/90.0.4430.212 Safari/537.36"
::1 - - [14/May/2021:19:23:05 +0930] "GET /phpmyadmin/themes/pmahomme/img/b_select.png HTTP/1.1" 200 593 "http://localhost/phpmyadmin/themes/pmahomme/css/theme.css?v=5.1.0&nocache=6296449499ltr&server=1" "Mozilla/5.0 (Windows NT 10.0; Win64; x64) AppleWebKit/537.36 (KHTML, like Gecko) Chrome/90.0.4430.212 Safari/537.36"
::1 - - [14/May/2021:19:23:05 +0930] "GET /phpmyadmin/themes/pmahomme/img/b_empty.png HTTP/1.1" 200 521 "http://localhost/phpmyadmin/themes/pmahomme/css/theme.css?v=5.1.0&nocache=6296449499ltr&server=1" "Mozilla/5.0 (Windows NT 10.0; Win64; x64) AppleWebKit/537.36 (KHTML, like Gecko) Chrome/90.0.4430.212 Safari/537.36"
::1 - - [14/May/2021:19:23:05 +0930] "GET /phpmyadmin/themes/pmahomme/img/b_print.png HTTP/1.1" 200 639 "http://localhost/phpmyadmin/themes/pmahomme/css/theme.css?v=5.1.0&nocache=6296449499ltr&server=1" "Mozilla/5.0 (Windows NT 10.0; Win64; x64) AppleWebKit/537.36 (KHTML, like Gecko) Chrome/90.0.4430.212 Safari/537.36"
::1 - - [14/May/2021:19:23:05 +0930] "GET /phpmyadmin/themes/pmahomme/img/b_tblanalyse.png HTTP/1.1" 200 152 "http://localhost/phpmyadmin/themes/pmahomme/css/theme.css?v=5.1.0&nocache=6296449499ltr&server=1" "Mozilla/5.0 (Windows NT 10.0; Win64; x64) AppleWebKit/537.36 (KHTML, like Gecko) Chrome/90.0.4430.212 Safari/537.36"
::1 - - [14/May/2021:19:23:05 +0930] "GET /phpmyadmin/index.php?route=/navigation&ajax_request=1&server=1&aPath=cm9vdA%3D%3D.cGhwbXlhZG1pbg%3D%3D&vPath=cm9vdA%3D%3D.cGhwbXlhZG1pbg%3D%3D&pos=0&searchClause=&searchClause2=&_nocache=1620985985528686991&token=30603c3d683c44697f583e3f2375312f HTTP/1.1" 200 2882 "-" "Mozilla/5.0 (Windows NT 10.0; Win64; x64) AppleWebKit/537.36 (KHTML, like Gecko) Chrome/90.0.4430.212 Safari/537.36"
::1 - - [14/May/2021:19:23:05 +0930] "GET /phpmyadmin/themes/pmahomme/img/hide.png HTTP/1.1" 200 284 "http://localhost/phpmyadmin/themes/pmahomme/css/theme.css?v=5.1.0&nocache=6296449499ltr&server=1" "Mozilla/5.0 (Windows NT 10.0; Win64; x64) AppleWebKit/537.36 (KHTML, like Gecko) Chrome/90.0.4430.212 Safari/537.36"
::1 - - [14/May/2021:19:23:08 +0930] "GET /phpmyadmin/index.php?ajax_request=true&ajax_page_request=true&_nocache=1620985988815889631&token=30603c3d683c44697f583e3f2375312f HTTP/1.1" 200 8312 "-" "Mozilla/5.0 (Windows NT 10.0; Win64; x64) AppleWebKit/537.36 (KHTML, like Gecko) Chrome/90.0.4430.212 Safari/537.36"
::1 - - [14/May/2021:19:23:08 +0930] "POST /phpmyadmin/index.php?route=/version-check HTTP/1.1" 200 64 "-" "Mozilla/5.0 (Windows NT 10.0; Win64; x64) AppleWebKit/537.36 (KHTML, like Gecko) Chrome/90.0.4430.212 Safari/537.36"
::1 - - [14/May/2021:19:23:08 +0930] "POST /phpmyadmin/index.php?route=/database/structure/favorite-table&ajax_request=1&favorite_table=1&sync_favorite_tables=1 HTTP/1.1" 200 155 "-" "Mozilla/5.0 (Windows NT 10.0; Win64; x64) AppleWebKit/537.36 (KHTML, like Gecko) Chrome/90.0.4430.212 Safari/537.36"
::1 - - [14/May/2021:19:23:10 +0930] "POST /phpmyadmin/index.php?route=/logout HTTP/1.1" 302 9850 "-" "Mozilla/5.0 (Windows NT 10.0; Win64; x64) AppleWebKit/537.36 (KHTML, like Gecko) Chrome/90.0.4430.212 Safari/537.36"
::1 - - [14/May/2021:19:23:10 +0930] "GET /phpmyadmin/index.php?route=/ HTTP/1.1" 200 15722 "-" "Mozilla/5.0 (Windows NT 10.0; Win64; x64) AppleWebKit/537.36 (KHTML, like Gecko) Chrome/90.0.4430.212 Safari/537.36"
::1 - - [14/May/2021:19:23:11 +0930] "GET /phpmyadmin/themes/pmahomme/css/theme.css?v=5.1.0&nocache=6296449790ltr&server=1 HTTP/1.1" 200 214806 "-" "Mozilla/5.0 (Windows NT 10.0; Win64; x64) AppleWebKit/537.36 (KHTML, like Gecko) Chrome/90.0.4430.212 Safari/537.36"
::1 - - [14/May/2021:19:23:11 +0930] "POST /phpmyadmin/index.php?route=/config/get HTTP/1.1" 200 1567 "-" "Mozilla/5.0 (Windows NT 10.0; Win64; x64) AppleWebKit/537.36 (KHTML, like Gecko) Chrome/90.0.4430.212 Safari/537.36"
::1 - - [14/May/2021:19:23:11 +0930] "POST /phpmyadmin/index.php?route=/navigation&ajax_request=1 HTTP/1.1" 200 2265 "-" "Mozilla/5.0 (Windows NT 10.0; Win64; x64) AppleWebKit/537.36 (KHTML, like Gecko) Chrome/90.0.4430.212 Safari/537.36"
::1 - - [14/May/2021:19:23:11 +0930] "POST /phpmyadmin/index.php?route=/config/get HTTP/1.1" 200 1657 "-" "Mozilla/5.0 (Windows NT 10.0; Win64; x64) AppleWebKit/537.36 (KHTML, like Gecko) Chrome/90.0.4430.212 Safari/537.36"
::1 - - [14/May/2021:19:23:11 +0930] "POST /phpmyadmin/index.php?route=/version-check HTTP/1.1" 200 64 "-" "Mozilla/5.0 (Windows NT 10.0; Win64; x64) AppleWebKit/537.36 (KHTML, like Gecko) Chrome/90.0.4430.212 Safari/537.36"
::1 - - [14/May/2021:19:23:11 +0930] "POST /phpmyadmin/index.php?route=/database/structure/favorite-table&ajax_request=1&favorite_table=1&sync_favorite_tables=1 HTTP/1.1" 200 155 "-" "Mozilla/5.0 (Windows NT 10.0; Win64; x64) AppleWebKit/537.36 (KHTML, like Gecko) Chrome/90.0.4430.212 Safari/537.36"
::1 - - [14/May/2021:19:23:11 +0930] "POST /phpmyadmin/index.php?route=/config/set HTTP/1.1" 200 1558 "-" "Mozilla/5.0 (Windows NT 10.0; Win64; x64) AppleWebKit/537.36 (KHTML, like Gecko) Chrome/90.0.4430.212 Safari/537.36"
::1 - - [14/May/2021:19:23:12 +0930] "POST /phpmyadmin/index.php?route=/logout HTTP/1.1" 302 9850 "-" "Mozilla/5.0 (Windows NT 10.0; Win64; x64) AppleWebKit/537.36 (KHTML, like Gecko) Chrome/90.0.4430.212 Safari/537.36"
::1 - - [14/May/2021:19:23:13 +0930] "GET /phpmyadmin/index.php?route=/ HTTP/1.1" 200 15720 "-" "Mozilla/5.0 (Windows NT 10.0; Win64; x64) AppleWebKit/537.36 (KHTML, like Gecko) Chrome/90.0.4430.212 Safari/537.36"
::1 - - [14/May/2021:19:23:13 +0930] "GET /phpmyadmin/themes/pmahomme/css/theme.css?v=5.1.0&nocache=6296450084ltr&server=1 HTTP/1.1" 200 214806 "-" "Mozilla/5.0 (Windows NT 10.0; Win64; x64) AppleWebKit/537.36 (KHTML, like Gecko) Chrome/90.0.4430.212 Safari/537.36"
::1 - - [14/May/2021:19:23:13 +0930] "POST /phpmyadmin/index.php?route=/config/get HTTP/1.1" 200 1565 "-" "Mozilla/5.0 (Windows NT 10.0; Win64; x64) AppleWebKit/537.36 (KHTML, like Gecko) Chrome/90.0.4430.212 Safari/537.36"
::1 - - [14/May/2021:19:23:13 +0930] "POST /phpmyadmin/index.php?route=/navigation&ajax_request=1 HTTP/1.1" 200 2265 "-" "Mozilla/5.0 (Windows NT 10.0; Win64; x64) AppleWebKit/537.36 (KHTML, like Gecko) Chrome/90.0.4430.212 Safari/537.36"
::1 - - [14/May/2021:19:23:13 +0930] "POST /phpmyadmin/index.php?route=/config/get HTTP/1.1" 200 1657 "-" "Mozilla/5.0 (Windows NT 10.0; Win64; x64) AppleWebKit/537.36 (KHTML, like Gecko) Chrome/90.0.4430.212 Safari/537.36"
::1 - - [14/May/2021:19:23:13 +0930] "POST /phpmyadmin/index.php?route=/database/structure/favorite-table&ajax_request=1&favorite_table=1&sync_favorite_tables=1 HTTP/1.1" 200 155 "-" "Mozilla/5.0 (Windows NT 10.0; Win64; x64) AppleWebKit/537.36 (KHTML, like Gecko) Chrome/90.0.4430.212 Safari/537.36"
::1 - - [14/May/2021:19:23:13 +0930] "POST /phpmyadmin/index.php?route=/version-check HTTP/1.1" 200 64 "-" "Mozilla/5.0 (Windows NT 10.0; Win64; x64) AppleWebKit/537.36 (KHTML, like Gecko) Chrome/90.0.4430.212 Safari/537.36"
::1 - - [14/May/2021:19:23:13 +0930] "POST /phpmyadmin/index.php?route=/config/set HTTP/1.1" 200 1557 "-" "Mozilla/5.0 (Windows NT 10.0; Win64; x64) AppleWebKit/537.36 (KHTML, like Gecko) Chrome/90.0.4430.212 Safari/537.36"
::1 - - [14/May/2021:19:23:13 +0930] "POST /phpmyadmin/index.php?route=/logout HTTP/1.1" 302 9849 "-" "Mozilla/5.0 (Windows NT 10.0; Win64; x64) AppleWebKit/537.36 (KHTML, like Gecko) Chrome/90.0.4430.212 Safari/537.36"
::1 - - [14/May/2021:19:23:14 +0930] "GET /phpmyadmin/index.php?route=/ HTTP/1.1" 200 15722 "-" "Mozilla/5.0 (Windows NT 10.0; Win64; x64) AppleWebKit/537.36 (KHTML, like Gecko) Chrome/90.0.4430.212 Safari/537.36"
::1 - - [14/May/2021:19:23:14 +0930] "GET /phpmyadmin/themes/pmahomme/css/theme.css?v=5.1.0&nocache=6296450086ltr&server=1 HTTP/1.1" 200 214806 "-" "Mozilla/5.0 (Windows NT 10.0; Win64; x64) AppleWebKit/537.36 (KHTML, like Gecko) Chrome/90.0.4430.212 Safari/537.36"
::1 - - [14/May/2021:19:23:14 +0930] "POST /phpmyadmin/index.php?route=/config/get HTTP/1.1" 200 1566 "-" "Mozilla/5.0 (Windows NT 10.0; Win64; x64) AppleWebKit/537.36 (KHTML, like Gecko) Chrome/90.0.4430.212 Safari/537.36"
::1 - - [14/May/2021:19:23:14 +0930] "POST /phpmyadmin/index.php?route=/navigation&ajax_request=1 HTTP/1.1" 200 2266 "-" "Mozilla/5.0 (Windows NT 10.0; Win64; x64) AppleWebKit/537.36 (KHTML, like Gecko) Chrome/90.0.4430.212 Safari/537.36"
::1 - - [14/May/2021:19:23:14 +0930] "POST /phpmyadmin/index.php?route=/config/get HTTP/1.1" 200 1657 "-" "Mozilla/5.0 (Windows NT 10.0; Win64; x64) AppleWebKit/537.36 (KHTML, like Gecko) Chrome/90.0.4430.212 Safari/537.36"
::1 - - [14/May/2021:19:23:14 +0930] "POST /phpmyadmin/index.php?route=/version-check HTTP/1.1" 200 64 "-" "Mozilla/5.0 (Windows NT 10.0; Win64; x64) AppleWebKit/537.36 (KHTML, like Gecko) Chrome/90.0.4430.212 Safari/537.36"
::1 - - [14/May/2021:19:23:14 +0930] "POST /phpmyadmin/index.php?route=/database/structure/favorite-table&ajax_request=1&favorite_table=1&sync_favorite_tables=1 HTTP/1.1" 200 155 "-" "Mozilla/5.0 (Windows NT 10.0; Win64; x64) AppleWebKit/537.36 (KHTML, like Gecko) Chrome/90.0.4430.212 Safari/537.36"
::1 - - [14/May/2021:19:23:14 +0930] "POST /phpmyadmin/index.php?route=/config/set HTTP/1.1" 200 1558 "-" "Mozilla/5.0 (Windows NT 10.0; Win64; x64) AppleWebKit/537.36 (KHTML, like Gecko) Chrome/90.0.4430.212 Safari/537.36"
::1 - - [14/May/2021:19:23:20 +0930] "POST /phpmyadmin/index.php?route=/config/set HTTP/1.1" 200 1558 "-" "Mozilla/5.0 (Windows NT 10.0; Win64; x64) AppleWebKit/537.36 (KHTML, like Gecko) Chrome/90.0.4430.212 Safari/537.36"
::1 - - [14/May/2021:19:23:22 +0930] "POST /phpmyadmin/index.php?route=/config/set HTTP/1.1" 200 1558 "-" "Mozilla/5.0 (Windows NT 10.0; Win64; x64) AppleWebKit/537.36 (KHTML, like Gecko) Chrome/90.0.4430.212 Safari/537.36"
::1 - - [14/May/2021:19:23:24 +0930] "GET /phpmyadmin/index.php?route=/preferences/manage&ajax_request=true&ajax_page_request=true&_nocache=1620986004186206900&token=425a2a4f75434978724c6d46565b3556 HTTP/1.1" 200 2907 "-" "Mozilla/5.0 (Windows NT 10.0; Win64; x64) AppleWebKit/537.36 (KHTML, like Gecko) Chrome/90.0.4430.212 Safari/537.36"
::1 - - [14/May/2021:19:23:30 +0930] "GET /phpmyadmin/index.php?route=/server/privileges&viewing_mode=server&ajax_request=true&ajax_page_request=true&_nocache=1620986010007807654&token=425a2a4f75434978724c6d46565b3556 HTTP/1.1" 200 3394 "-" "Mozilla/5.0 (Windows NT 10.0; Win64; x64) AppleWebKit/537.36 (KHTML, like Gecko) Chrome/90.0.4430.212 Safari/537.36"
::1 - - [14/May/2021:19:23:30 +0930] "POST /phpmyadmin/index.php?route=/navigation&ajax_request=1 HTTP/1.1" 200 4488 "-" "Mozilla/5.0 (Windows NT 10.0; Win64; x64) AppleWebKit/537.36 (KHTML, like Gecko) Chrome/90.0.4430.212 Safari/537.36"
::1 - - [14/May/2021:19:23:54 +0930] "GET / HTTP/1.1" 302 -
::1 - - [14/May/2021:19:23:54 +0930] "GET / HTTP/1.1" 200 633 "-" "Mozilla/5.0 (Windows NT 10.0; Win64; x64) AppleWebKit/537.36 (KHTML, like Gecko) Chrome/90.0.4430.212 Safari/537.36"
::1 - - [14/May/2021:19:23:55 +0930] "GET /signin HTTP/1.1" 302 - "http://localhost/" "Mozilla/5.0 (Windows NT 10.0; Win64; x64) AppleWebKit/537.36 (KHTML, like Gecko) Chrome/90.0.4430.212 Safari/537.36"
::1 - - [14/May/2021:19:23:55 +0930] "GET /signin HTTP/1.1" 200 976
::1 - - [14/May/2021:19:23:56 +0930] "GET /css/standard.css HTTP/1.1" 200 736
::1 - - [14/May/2021:19:23:56 +0930] "GET /js/delete.js HTTP/1.1" 200 183
::1 - - [14/May/2021:19:23:56 +0930] "GET /js/jquery-1.9.1.js HTTP/1.1" 200 268381
::1 - - [14/May/2021:19:23:56 +0930] "GET /favicon.ico HTTP/1.1" 200 30894
::1 - - [14/May/2021:19:24:12 +0930] "POST /signin HTTP/1.1" 302 -
::1 - - [14/May/2021:19:24:12 +0930] "GET /signin HTTP/1.1" 200 1139
::1 - - [14/May/2021:19:24:12 +0930] "GET /css/standard.css HTTP/1.1" 200 736
::1 - - [14/May/2021:19:24:12 +0930] "GET /favicon.ico HTTP/1.1" 200 30894
::1 - - [14/May/2021:19:25:13 +0930] "GET /signin HTTP/1.1" 200 976
::1 - - [14/May/2021:19:25:13 +0930] "GET /css/standard.css HTTP/1.1" 200 736
::1 - - [14/May/2021:19:25:13 +0930] "GET /favicon.ico HTTP/1.1" 200 30894
::1 - - [14/May/2021:19:25:17 +0930] "POST /signin HTTP/1.1" 302 -
::1 - - [14/May/2021:19:25:17 +0930] "GET /signin HTTP/1.1" 200 1139
::1 - - [14/May/2021:19:25:18 +0930] "GET /favicon.ico HTTP/1.1" 200 30894
::1 - - [14/May/2021:19:25:21 +0930] "POST /signin HTTP/1.1" 302 -
::1 - - [14/May/2021:19:25:21 +0930] "GET /signin HTTP/1.1" 200 1046
::1 - - [14/May/2021:19:25:21 +0930] "GET /favicon.ico HTTP/1.1" 200 30894
::1 - - [14/May/2021:19:25:23 +0930] "POST /signin HTTP/1.1" 302 -
::1 - - [14/May/2021:19:25:23 +0930] "GET /signin HTTP/1.1" 200 1046
::1 - - [14/May/2021:19:25:23 +0930] "GET /favicon.ico HTTP/1.1" 200 30894
::1 - - [14/May/2021:19:25:24 +0930] "GET /signin HTTP/1.1" 200 976
::1 - - [14/May/2021:19:25:24 +0930] "GET /favicon.ico HTTP/1.1" 200 30894
::1 - - [14/May/2021:19:25:24 +0930] "GET / HTTP/1.1" 302 -
::1 - - [14/May/2021:19:25:24 +0930] "GET / HTTP/1.1" 200 633 "-" "Mozilla/5.0 (Windows NT 10.0; Win64; x64) AppleWebKit/537.36 (KHTML, like Gecko) Chrome/90.0.4430.212 Safari/537.36"
::1 - - [14/May/2021:19:25:25 +0930] "GET /signin HTTP/1.1" 302 - "http://localhost/" "Mozilla/5.0 (Windows NT 10.0; Win64; x64) AppleWebKit/537.36 (KHTML, like Gecko) Chrome/90.0.4430.212 Safari/537.36"
::1 - - [14/May/2021:19:25:25 +0930] "GET /signin HTTP/1.1" 200 976
::1 - - [14/May/2021:19:25:25 +0930] "GET /css/standard.css HTTP/1.1" 200 736
::1 - - [14/May/2021:19:25:25 +0930] "GET /js/delete.js HTTP/1.1" 200 183
::1 - - [14/May/2021:19:25:25 +0930] "GET /js/jquery-1.9.1.js HTTP/1.1" 200 268381
::1 - - [14/May/2021:19:25:25 +0930] "GET /favicon.ico HTTP/1.1" 200 30894
::1 - - [14/May/2021:19:25:29 +0930] "POST /signin HTTP/1.1" 302 -
::1 - - [14/May/2021:19:25:29 +0930] "GET /signin HTTP/1.1" 200 1139
::1 - - [14/May/2021:19:25:29 +0930] "GET /favicon.ico HTTP/1.1" 200 30894
::1 - - [14/May/2021:19:25:41 +0930] "GET /phpmyadmin/index.php?route=/preferences/manage&ajax_request=true&ajax_page_request=true&_nocache=1620986141613583157&token=30603c3d683c44697f583e3f2375312f HTTP/1.1" 200 2907 "-" "Mozilla/5.0 (Windows NT 10.0; Win64; x64) AppleWebKit/537.36 (KHTML, like Gecko) Chrome/90.0.4430.212 Safari/537.36"
::1 - - [14/May/2021:19:25:42 +0930] "GET /phpmyadmin/index.php?route=/server/privileges&viewing_mode=server&ajax_request=true&ajax_page_request=true&_nocache=1620986142745498810&token=425a2a4f75434978724c6d46565b3556 HTTP/1.1" 200 3394 "-" "Mozilla/5.0 (Windows NT 10.0; Win64; x64) AppleWebKit/537.36 (KHTML, like Gecko) Chrome/90.0.4430.212 Safari/537.36"
::1 - - [14/May/2021:19:25:42 +0930] "POST /phpmyadmin/index.php?route=/navigation&ajax_request=1 HTTP/1.1" 200 4488 "-" "Mozilla/5.0 (Windows NT 10.0; Win64; x64) AppleWebKit/537.36 (KHTML, like Gecko) Chrome/90.0.4430.212 Safari/537.36"
::1 - - [14/May/2021:19:25:45 +0930] "GET /phpmyadmin/index.php?route=/server/privileges&username=pma&hostname=localhost&dbname=&tablename=&routinename=&ajax_request=true&ajax_page_request=true&_nocache=1620986145651607942&token=425a2a4f75434978724c6d46565b3556 HTTP/1.1" 200 6553 "-" "Mozilla/5.0 (Windows NT 10.0; Win64; x64) AppleWebKit/537.36 (KHTML, like Gecko) Chrome/90.0.4430.212 Safari/537.36"
::1 - - [14/May/2021:19:26:15 +0930] "POST /phpmyadmin/index.php?route=/server/privileges HTTP/1.1" 200 6605 "-" "Mozilla/5.0 (Windows NT 10.0; Win64; x64) AppleWebKit/537.36 (KHTML, like Gecko) Chrome/90.0.4430.212 Safari/537.36"
::1 - - [14/May/2021:19:26:19 +0930] "GET /phpmyadmin/index.php?route=/server/privileges&viewing_mode=server&ajax_request=true&ajax_page_request=true&_nocache=1620986179814788425&token=425a2a4f75434978724c6d46565b3556 HTTP/1.1" 200 3540 "-" "Mozilla/5.0 (Windows NT 10.0; Win64; x64) AppleWebKit/537.36 (KHTML, like Gecko) Chrome/90.0.4430.212 Safari/537.36"
::1 - - [14/May/2021:19:26:19 +0930] "GET /phpmyadmin/themes/pmahomme/img/s_error.png HTTP/1.1" 200 614 "http://localhost/phpmyadmin/themes/pmahomme/css/theme.css?v=5.1.0&nocache=6296449309ltr&server=1" "Mozilla/5.0 (Windows NT 10.0; Win64; x64) AppleWebKit/537.36 (KHTML, like Gecko) Chrome/90.0.4430.212 Safari/537.36"
::1 - - [14/May/2021:19:26:21 +0930] "GET /phpmyadmin/index.php?route=/server/privileges&username=root&hostname=127.0.0.1&dbname=&tablename=&routinename=&ajax_request=true&ajax_page_request=true&_nocache=1620986181902678248&token=425a2a4f75434978724c6d46565b3556 HTTP/1.1" 200 6552 "-" "Mozilla/5.0 (Windows NT 10.0; Win64; x64) AppleWebKit/537.36 (KHTML, like Gecko) Chrome/90.0.4430.212 Safari/537.36"
::1 - - [14/May/2021:19:26:28 +0930] "POST /phpmyadmin/index.php?route=/server/privileges HTTP/1.1" 200 6606 "-" "Mozilla/5.0 (Windows NT 10.0; Win64; x64) AppleWebKit/537.36 (KHTML, like Gecko) Chrome/90.0.4430.212 Safari/537.36"
::1 - - [14/May/2021:19:26:30 +0930] "GET /phpmyadmin/index.php?route=/server/privileges&viewing_mode=server&ajax_request=true&ajax_page_request=true&_nocache=1620986190461210495&token=425a2a4f75434978724c6d46565b3556 HTTP/1.1" 200 3543 "-" "Mozilla/5.0 (Windows NT 10.0; Win64; x64) AppleWebKit/537.36 (KHTML, like Gecko) Chrome/90.0.4430.212 Safari/537.36"
::1 - - [14/May/2021:19:26:31 +0930] "GET /phpmyadmin/index.php?route=/server/privileges&username=root&hostname=%3A%3A1&dbname=&tablename=&routinename=&ajax_request=true&ajax_page_request=true&_nocache=162098619192748765&token=425a2a4f75434978724c6d46565b3556 HTTP/1.1" 200 6546 "-" "Mozilla/5.0 (Windows NT 10.0; Win64; x64) AppleWebKit/537.36 (KHTML, like Gecko) Chrome/90.0.4430.212 Safari/537.36"
::1 - - [14/May/2021:19:26:38 +0930] "POST /phpmyadmin/index.php?route=/server/privileges HTTP/1.1" 200 6588 "-" "Mozilla/5.0 (Windows NT 10.0; Win64; x64) AppleWebKit/537.36 (KHTML, like Gecko) Chrome/90.0.4430.212 Safari/537.36"
::1 - - [14/May/2021:19:26:45 +0930] "POST /phpmyadmin/index.php?route=/server/privileges HTTP/1.1" 200 6599 "-" "Mozilla/5.0 (Windows NT 10.0; Win64; x64) AppleWebKit/537.36 (KHTML, like Gecko) Chrome/90.0.4430.212 Safari/537.36"
::1 - - [14/May/2021:19:26:48 +0930] "GET /phpmyadmin/index.php?route=/server/privileges&viewing_mode=server&ajax_request=true&ajax_page_request=true&_nocache=162098620837556003&token=425a2a4f75434978724c6d46565b3556 HTTP/1.1" 200 3543 "-" "Mozilla/5.0 (Windows NT 10.0; Win64; x64) AppleWebKit/537.36 (KHTML, like Gecko) Chrome/90.0.4430.212 Safari/537.36"
::1 - - [14/May/2021:19:26:49 +0930] "GET /phpmyadmin/index.php?route=/server/privileges&username=root&hostname=localhost&dbname=&tablename=&routinename=&ajax_request=true&ajax_page_request=true&_nocache=1620986209448538829&token=425a2a4f75434978724c6d46565b3556 HTTP/1.1" 200 6610 "-" "Mozilla/5.0 (Windows NT 10.0; Win64; x64) AppleWebKit/537.36 (KHTML, like Gecko) Chrome/90.0.4430.212 Safari/537.36"
::1 - - [14/May/2021:19:26:55 +0930] "POST /phpmyadmin/index.php?route=/server/privileges HTTP/1.1" 200 6653 "-" "Mozilla/5.0 (Windows NT 10.0; Win64; x64) AppleWebKit/537.36 (KHTML, like Gecko) Chrome/90.0.4430.212 Safari/537.36"
::1 - - [14/May/2021:19:26:58 +0930] "GET /phpmyadmin/index.php?route=/server/databases&ajax_request=true&ajax_page_request=true&_nocache=162098621891321642&token=425a2a4f75434978724c6d46565b3556 HTTP/1.1" 200 2160 "-" "Mozilla/5.0 (Windows NT 10.0; Win64; x64) AppleWebKit/537.36 (KHTML, like Gecko) Chrome/90.0.4430.212 Safari/537.36"
::1 - - [14/May/2021:19:26:59 +0930] "GET /phpmyadmin/index.php?route=/server/sql&ajax_request=true&ajax_page_request=true&_nocache=1620986219519384242&token=425a2a4f75434978724c6d46565b3556 HTTP/1.1" 200 2162 "-" "Mozilla/5.0 (Windows NT 10.0; Win64; x64) AppleWebKit/537.36 (KHTML, like Gecko) Chrome/90.0.4430.212 Safari/537.36"
::1 - - [14/May/2021:19:27:00 +0930] "POST /phpmyadmin/index.php?route=/config/set HTTP/1.1" 200 2129 "-" "Mozilla/5.0 (Windows NT 10.0; Win64; x64) AppleWebKit/537.36 (KHTML, like Gecko) Chrome/90.0.4430.212 Safari/537.36"
::1 - - [14/May/2021:19:27:00 +0930] "GET /phpmyadmin/index.php?route=/&ajax_request=true&ajax_page_request=true&_nocache=1620986220894285371&token=425a2a4f75434978724c6d46565b3556 HTTP/1.1" 200 2124 "-" "Mozilla/5.0 (Windows NT 10.0; Win64; x64) AppleWebKit/537.36 (KHTML, like Gecko) Chrome/90.0.4430.212 Safari/537.36"
::1 - - [14/May/2021:19:27:01 +0930] "GET /phpmyadmin/index.php?route=/&ajax_request=true&ajax_page_request=true&_nocache=1620986221462391327&token=425a2a4f75434978724c6d46565b3556 HTTP/1.1" 200 2124 "-" "Mozilla/5.0 (Windows NT 10.0; Win64; x64) AppleWebKit/537.36 (KHTML, like Gecko) Chrome/90.0.4430.212 Safari/537.36"
::1 - - [14/May/2021:19:27:01 +0930] "GET /phpmyadmin/index.php?route=/&ajax_request=true&ajax_page_request=true&_nocache=162098622161318378&token=425a2a4f75434978724c6d46565b3556 HTTP/1.1" 200 2124 "-" "Mozilla/5.0 (Windows NT 10.0; Win64; x64) AppleWebKit/537.36 (KHTML, like Gecko) Chrome/90.0.4430.212 Safari/537.36"
::1 - - [14/May/2021:19:27:01 +0930] "POST /phpmyadmin/index.php?route=/config/set HTTP/1.1" 200 2129 "-" "Mozilla/5.0 (Windows NT 10.0; Win64; x64) AppleWebKit/537.36 (KHTML, like Gecko) Chrome/90.0.4430.212 Safari/537.36"
::1 - - [14/May/2021:19:27:05 +0930] "POST /phpmyadmin/index.php?route=/navigation&ajax_request=1 HTTP/1.1" 200 2115 "-" "Mozilla/5.0 (Windows NT 10.0; Win64; x64) AppleWebKit/537.36 (KHTML, like Gecko) Chrome/90.0.4430.212 Safari/537.36"
::1 - - [14/May/2021:19:27:10 +0930] "GET /phpmyadmin/index.php?route=/ HTTP/1.1" 200 3220 "-" "Mozilla/5.0 (Windows NT 10.0; Win64; x64) AppleWebKit/537.36 (KHTML, like Gecko) Chrome/90.0.4430.212 Safari/537.36"
::1 - - [14/May/2021:19:27:10 +0930] "GET /phpmyadmin/themes/pmahomme/css/theme.css?v=5.1.0&nocache=4675464093ltr&server=1 HTTP/1.1" 200 214806 "-" "Mozilla/5.0 (Windows NT 10.0; Win64; x64) AppleWebKit/537.36 (KHTML, like Gecko) Chrome/90.0.4430.212 Safari/537.36"
::1 - - [14/May/2021:19:27:12 +0930] "GET /phpmyadmin/index.php?route=/ HTTP/1.1" 200 3220 "-" "Mozilla/5.0 (Windows NT 10.0; Win64; x64) AppleWebKit/537.36 (KHTML, like Gecko) Chrome/90.0.4430.212 Safari/537.36"
::1 - - [14/May/2021:19:27:22 +0930] "GET /phpmyadmin HTTP/1.1" 301 336 "-" "Mozilla/5.0 (Windows NT 10.0; Win64; x64) AppleWebKit/537.36 (KHTML, like Gecko) Chrome/90.0.4430.212 Safari/537.36"
::1 - - [14/May/2021:19:27:22 +0930] "GET /phpmyadmin/ HTTP/1.1" 200 3220 "-" "Mozilla/5.0 (Windows NT 10.0; Win64; x64) AppleWebKit/537.36 (KHTML, like Gecko) Chrome/90.0.4430.212 Safari/537.36"
::1 - - [14/May/2021:19:30:00 +0930] "GET / HTTP/1.1" 200 633 "-" "Mozilla/5.0 (Windows NT 10.0; Win64; x64) AppleWebKit/537.36 (KHTML, like Gecko) Chrome/90.0.4430.212 Safari/537.36"
::1 - - [14/May/2021:19:30:00 +0930] "GET /favicon.ico HTTP/1.1" 200 30894 "http://localhost/" "Mozilla/5.0 (Windows NT 10.0; Win64; x64) AppleWebKit/537.36 (KHTML, like Gecko) Chrome/90.0.4430.212 Safari/537.36"
::1 - - [14/May/2021:19:30:01 +0930] "GET /signin HTTP/1.1" 302 - "http://localhost/" "Mozilla/5.0 (Windows NT 10.0; Win64; x64) AppleWebKit/537.36 (KHTML, like Gecko) Chrome/90.0.4430.212 Safari/537.36"
::1 - - [14/May/2021:19:30:01 +0930] "GET /signin HTTP/1.1" 200 976
::1 - - [14/May/2021:19:30:02 +0930] "GET /css/standard.css HTTP/1.1" 200 736
::1 - - [14/May/2021:19:30:02 +0930] "GET /js/delete.js HTTP/1.1" 200 183
::1 - - [14/May/2021:19:30:02 +0930] "GET /js/jquery-1.9.1.js HTTP/1.1" 200 268381
::1 - - [14/May/2021:19:30:02 +0930] "GET /favicon.ico HTTP/1.1" 200 30894
::1 - - [14/May/2021:19:30:08 +0930] "POST /signin HTTP/1.1" 302 -
::1 - - [14/May/2021:19:30:08 +0930] "GET /signin HTTP/1.1" 200 1103
::1 - - [14/May/2021:19:30:08 +0930] "GET /favicon.ico HTTP/1.1" 200 30894
::1 - - [14/May/2021:19:30:17 +0930] "GET /phpmyadmin/ HTTP/1.1" 200 15861 "-" "Mozilla/5.0 (Windows NT 10.0; Win64; x64) AppleWebKit/537.36 (KHTML, like Gecko) Chrome/90.0.4430.212 Safari/537.36"
::1 - - [14/May/2021:19:30:17 +0930] "GET /phpmyadmin/themes/pmahomme/css/theme.css?v=5.1.0&nocache=6470266098ltr&server=1 HTTP/1.1" 200 214806 "-" "Mozilla/5.0 (Windows NT 10.0; Win64; x64) AppleWebKit/537.36 (KHTML, like Gecko) Chrome/90.0.4430.212 Safari/537.36"
::1 - - [14/May/2021:19:30:17 +0930] "POST /phpmyadmin/index.php?route=/config/get HTTP/1.1" 200 1722 "-" "Mozilla/5.0 (Windows NT 10.0; Win64; x64) AppleWebKit/537.36 (KHTML, like Gecko) Chrome/90.0.4430.212 Safari/537.36"
::1 - - [14/May/2021:19:30:17 +0930] "POST /phpmyadmin/index.php?route=/navigation&ajax_request=1 HTTP/1.1" 200 2421 "-" "Mozilla/5.0 (Windows NT 10.0; Win64; x64) AppleWebKit/537.36 (KHTML, like Gecko) Chrome/90.0.4430.212 Safari/537.36"
::1 - - [14/May/2021:19:30:17 +0930] "POST /phpmyadmin/index.php?route=/config/get HTTP/1.1" 200 1815 "-" "Mozilla/5.0 (Windows NT 10.0; Win64; x64) AppleWebKit/537.36 (KHTML, like Gecko) Chrome/90.0.4430.212 Safari/537.36"
::1 - - [14/May/2021:19:30:17 +0930] "POST /phpmyadmin/index.php?route=/version-check HTTP/1.1" 200 64 "-" "Mozilla/5.0 (Windows NT 10.0; Win64; x64) AppleWebKit/537.36 (KHTML, like Gecko) Chrome/90.0.4430.212 Safari/537.36"
::1 - - [14/May/2021:19:30:17 +0930] "POST /phpmyadmin/index.php?route=/database/structure/favorite-table&ajax_request=1&favorite_table=1&sync_favorite_tables=1 HTTP/1.1" 200 155 "-" "Mozilla/5.0 (Windows NT 10.0; Win64; x64) AppleWebKit/537.36 (KHTML, like Gecko) Chrome/90.0.4430.212 Safari/537.36"
::1 - - [14/May/2021:19:30:18 +0930] "POST /phpmyadmin/index.php?route=/config/set HTTP/1.1" 200 1714 "-" "Mozilla/5.0 (Windows NT 10.0; Win64; x64) AppleWebKit/537.36 (KHTML, like Gecko) Chrome/90.0.4430.212 Safari/537.36"
::1 - - [14/May/2021:19:30:22 +0930] "GET /phpmyadmin/index.php?route=/server/sql&ajax_request=true&ajax_page_request=true&_nocache=1620986422195304531&token=425a2a4f75434978724c6d46565b3556 HTTP/1.1" 200 4809 "-" "Mozilla/5.0 (Windows NT 10.0; Win64; x64) AppleWebKit/537.36 (KHTML, like Gecko) Chrome/90.0.4430.212 Safari/537.36"
::1 - - [14/May/2021:19:30:22 +0930] "GET /phpmyadmin/index.php?route=/server/status&ajax_request=true&ajax_page_request=true&_nocache=1620986422986527033&token=425a2a4f75434978724c6d46565b3556 HTTP/1.1" 200 2494 "-" "Mozilla/5.0 (Windows NT 10.0; Win64; x64) AppleWebKit/537.36 (KHTML, like Gecko) Chrome/90.0.4430.212 Safari/537.36"
::1 - - [14/May/2021:19:30:24 +0930] "GET /phpmyadmin/index.php?route=/server/databases&ajax_request=true&ajax_page_request=true&_nocache=1620986424281770154&token=425a2a4f75434978724c6d46565b3556 HTTP/1.1" 200 7714 "-" "Mozilla/5.0 (Windows NT 10.0; Win64; x64) AppleWebKit/537.36 (KHTML, like Gecko) Chrome/90.0.4430.212 Safari/537.36"
::1 - - [14/May/2021:19:30:26 +0930] "POST /phpmyadmin/index.php?route=/navigation&ajax_request=1 HTTP/1.1" 200 2421 "-" "Mozilla/5.0 (Windows NT 10.0; Win64; x64) AppleWebKit/537.36 (KHTML, like Gecko) Chrome/90.0.4430.212 Safari/537.36"
::1 - - [14/May/2021:19:30:54 +0930] "GET /phpmyadmin/ HTTP/1.1" 200 15861 "-" "Mozilla/5.0 (Windows NT 10.0; Win64; x64) AppleWebKit/537.36 (KHTML, like Gecko) Chrome/90.0.4430.212 Safari/537.36"
::1 - - [14/May/2021:19:30:54 +0930] "GET /phpmyadmin/themes/pmahomme/css/theme.css?v=5.1.0&nocache=6470266514ltr&server=1 HTTP/1.1" 200 214806 "-" "Mozilla/5.0 (Windows NT 10.0; Win64; x64) AppleWebKit/537.36 (KHTML, like Gecko) Chrome/90.0.4430.212 Safari/537.36"
::1 - - [14/May/2021:19:30:54 +0930] "POST /phpmyadmin/index.php?route=/config/get HTTP/1.1" 200 1722 "-" "Mozilla/5.0 (Windows NT 10.0; Win64; x64) AppleWebKit/537.36 (KHTML, like Gecko) Chrome/90.0.4430.212 Safari/537.36"
::1 - - [14/May/2021:19:30:55 +0930] "POST /phpmyadmin/index.php?route=/navigation&ajax_request=1 HTTP/1.1" 200 2421 "-" "Mozilla/5.0 (Windows NT 10.0; Win64; x64) AppleWebKit/537.36 (KHTML, like Gecko) Chrome/90.0.4430.212 Safari/537.36"
::1 - - [14/May/2021:19:30:55 +0930] "POST /phpmyadmin/index.php?route=/config/get HTTP/1.1" 200 1815 "-" "Mozilla/5.0 (Windows NT 10.0; Win64; x64) AppleWebKit/537.36 (KHTML, like Gecko) Chrome/90.0.4430.212 Safari/537.36"
::1 - - [14/May/2021:19:30:55 +0930] "POST /phpmyadmin/index.php?route=/version-check HTTP/1.1" 200 64 "-" "Mozilla/5.0 (Windows NT 10.0; Win64; x64) AppleWebKit/537.36 (KHTML, like Gecko) Chrome/90.0.4430.212 Safari/537.36"
::1 - - [14/May/2021:19:30:55 +0930] "POST /phpmyadmin/index.php?route=/database/structure/favorite-table&ajax_request=1&favorite_table=1&sync_favorite_tables=1 HTTP/1.1" 200 155 "-" "Mozilla/5.0 (Windows NT 10.0; Win64; x64) AppleWebKit/537.36 (KHTML, like Gecko) Chrome/90.0.4430.212 Safari/537.36"
::1 - - [14/May/2021:19:30:55 +0930] "POST /phpmyadmin/index.php?route=/config/set HTTP/1.1" 200 1714 "-" "Mozilla/5.0 (Windows NT 10.0; Win64; x64) AppleWebKit/537.36 (KHTML, like Gecko) Chrome/90.0.4430.212 Safari/537.36"
::1 - - [14/May/2021:19:30:57 +0930] "GET /phpmyadmin/index.php?route=/server/databases&ajax_request=true&ajax_page_request=true&_nocache=1620986457752686807&token=425a2a4f75434978724c6d46565b3556 HTTP/1.1" 200 7714 "-" "Mozilla/5.0 (Windows NT 10.0; Win64; x64) AppleWebKit/537.36 (KHTML, like Gecko) Chrome/90.0.4430.212 Safari/537.36"
::1 - - [14/May/2021:19:30:59 +0930] "POST /phpmyadmin/index.php?route=/server/databases/create HTTP/1.1" 200 2106 "-" "Mozilla/5.0 (Windows NT 10.0; Win64; x64) AppleWebKit/537.36 (KHTML, like Gecko) Chrome/90.0.4430.212 Safari/537.36"
::1 - - [14/May/2021:19:30:59 +0930] "POST /phpmyadmin/index.php?route=/navigation&ajax_request=1 HTTP/1.1" 200 2459 "-" "Mozilla/5.0 (Windows NT 10.0; Win64; x64) AppleWebKit/537.36 (KHTML, like Gecko) Chrome/90.0.4430.212 Safari/537.36"
::1 - - [14/May/2021:19:30:59 +0930] "GET /phpmyadmin/index.php?route=/database/structure&db=blogs_db&ajax_request=true&ajax_page_request=true&_nocache=1620986459353860746&token=425a2a4f75434978724c6d46565b3556 HTTP/1.1" 200 3143 "-" "Mozilla/5.0 (Windows NT 10.0; Win64; x64) AppleWebKit/537.36 (KHTML, like Gecko) Chrome/90.0.4430.212 Safari/537.36"
::1 - - [14/May/2021:19:30:59 +0930] "GET /phpmyadmin/index.php?route=/navigation&ajax_request=1&server=1&aPath=cm9vdA%3D%3D.YmxvZ3NfZGI%3D&vPath=cm9vdA%3D%3D.YmxvZ3NfZGI%3D&pos=0&searchClause=&searchClause2=&_nocache=1620986459546319357&token=425a2a4f75434978724c6d46565b3556 HTTP/1.1" 200 1738 "-" "Mozilla/5.0 (Windows NT 10.0; Win64; x64) AppleWebKit/537.36 (KHTML, like Gecko) Chrome/90.0.4430.212 Safari/537.36"
::1 - - [14/May/2021:19:31:00 +0930] "GET /phpmyadmin/index.php?route=/database/sql&db=blogs_db&ajax_request=true&ajax_page_request=true&_nocache=1620986460958151732&token=425a2a4f75434978724c6d46565b3556 HTTP/1.1" 200 4928 "-" "Mozilla/5.0 (Windows NT 10.0; Win64; x64) AppleWebKit/537.36 (KHTML, like Gecko) Chrome/90.0.4430.212 Safari/537.36"
::1 - - [14/May/2021:19:31:09 +0930] "GET /phpmyadmin/themes/pmahomme/img/s_lock.png HTTP/1.1" 200 667 "http://localhost/phpmyadmin/themes/pmahomme/css/theme.css?v=5.1.0&nocache=6470266514ltr&server=1" "Mozilla/5.0 (Windows NT 10.0; Win64; x64) AppleWebKit/537.36 (KHTML, like Gecko) Chrome/90.0.4430.212 Safari/537.36"
::1 - - [14/May/2021:19:31:09 +0930] "POST /phpmyadmin/index.php?route=/database/sql/autocomplete HTTP/1.1" 200 1824 "-" "Mozilla/5.0 (Windows NT 10.0; Win64; x64) AppleWebKit/537.36 (KHTML, like Gecko) Chrome/90.0.4430.212 Safari/537.36"
::1 - - [14/May/2021:19:31:09 +0930] "POST /phpmyadmin/index.php?route=/lint HTTP/1.1" 200 28 "-" "Mozilla/5.0 (Windows NT 10.0; Win64; x64) AppleWebKit/537.36 (KHTML, like Gecko) Chrome/90.0.4430.212 Safari/537.36"
::1 - - [14/May/2021:19:31:10 +0930] "POST /phpmyadmin/index.php?route=/lint HTTP/1.1" 200 28 "-" "Mozilla/5.0 (Windows NT 10.0; Win64; x64) AppleWebKit/537.36 (KHTML, like Gecko) Chrome/90.0.4430.212 Safari/537.36"
::1 - - [14/May/2021:19:31:11 +0930] "POST /phpmyadmin/index.php?route=/import HTTP/1.1" 200 2637 "-" "Mozilla/5.0 (Windows NT 10.0; Win64; x64) AppleWebKit/537.36 (KHTML, like Gecko) Chrome/90.0.4430.212 Safari/537.36"
::1 - - [14/May/2021:19:31:38 +0930] "GET /phpmyadmin/index.php?route=/database/sql&db=blogs_db HTTP/1.1" 200 12017 "-" "Mozilla/5.0 (Windows NT 10.0; Win64; x64) AppleWebKit/537.36 (KHTML, like Gecko) Chrome/90.0.4430.212 Safari/537.36"
::1 - - [14/May/2021:19:31:38 +0930] "GET /phpmyadmin/themes/pmahomme/css/theme.css?v=5.1.0&nocache=6470266551ltr&server=1 HTTP/1.1" 200 214806 "-" "Mozilla/5.0 (Windows NT 10.0; Win64; x64) AppleWebKit/537.36 (KHTML, like Gecko) Chrome/90.0.4430.212 Safari/537.36"
::1 - - [14/May/2021:19:31:38 +0930] "POST /phpmyadmin/index.php?route=/config/get HTTP/1.1" 200 1724 "-" "Mozilla/5.0 (Windows NT 10.0; Win64; x64) AppleWebKit/537.36 (KHTML, like Gecko) Chrome/90.0.4430.212 Safari/537.36"
::1 - - [14/May/2021:19:31:39 +0930] "GET /phpmyadmin/favicon.ico HTTP/1.1" 200 22486 "-" "Mozilla/5.0 (Windows NT 10.0; Win64; x64) AppleWebKit/537.36 (KHTML, like Gecko) Chrome/90.0.4430.212 Safari/537.36"
::1 - - [14/May/2021:19:31:39 +0930] "POST /phpmyadmin/index.php?route=/navigation&ajax_request=1 HTTP/1.1" 200 3505 "-" "Mozilla/5.0 (Windows NT 10.0; Win64; x64) AppleWebKit/537.36 (KHTML, like Gecko) Chrome/90.0.4430.212 Safari/537.36"
::1 - - [14/May/2021:19:31:39 +0930] "POST /phpmyadmin/index.php?route=/config/get HTTP/1.1" 200 1817 "-" "Mozilla/5.0 (Windows NT 10.0; Win64; x64) AppleWebKit/537.36 (KHTML, like Gecko) Chrome/90.0.4430.212 Safari/537.36"
::1 - - [14/May/2021:19:31:39 +0930] "POST /phpmyadmin/index.php?route=/config/set HTTP/1.1" 200 1716 "-" "Mozilla/5.0 (Windows NT 10.0; Win64; x64) AppleWebKit/537.36 (KHTML, like Gecko) Chrome/90.0.4430.212 Safari/537.36"
::1 - - [14/May/2021:19:31:40 +0930] "GET /signin HTTP/1.1" 200 976
::1 - - [14/May/2021:19:31:40 +0930] "GET /favicon.ico HTTP/1.1" 200 30894
::1 - - [14/May/2021:19:31:42 +0930] "GET / HTTP/1.1" 302 -
::1 - - [14/May/2021:19:31:42 +0930] "GET / HTTP/1.1" 302 - "-" "Mozilla/5.0 (Windows NT 10.0; Win64; x64) AppleWebKit/537.36 (KHTML, like Gecko) Chrome/90.0.4430.212 Safari/537.36"
::1 - - [14/May/2021:19:31:42 +0930] "GET /signup HTTP/1.1" 302 - "-" "Mozilla/5.0 (Windows NT 10.0; Win64; x64) AppleWebKit/537.36 (KHTML, like Gecko) Chrome/90.0.4430.212 Safari/537.36"
::1 - - [14/May/2021:19:31:42 +0930] "GET /signup HTTP/1.1" 200 1274
::1 - - [14/May/2021:19:31:43 +0930] "GET /favicon.ico HTTP/1.1" 200 30894
::1 - - [14/May/2021:19:32:06 +0930] "POST /signup HTTP/1.1" 302 -
::1 - - [14/May/2021:19:32:06 +0930] "GET /signup HTTP/1.1" 302 -
::1 - - [14/May/2021:19:32:06 +0930] "GET /signin HTTP/1.1" 200 1094
::1 - - [14/May/2021:19:32:06 +0930] "GET /favicon.ico HTTP/1.1" 200 30894
::1 - - [14/May/2021:19:32:14 +0930] "POST /signin HTTP/1.1" 302 -
::1 - - [14/May/2021:19:32:14 +0930] "GET /signin HTTP/1.1" 200 1054
::1 - - [14/May/2021:19:32:14 +0930] "GET /favicon.ico HTTP/1.1" 200 30894
::1 - - [14/May/2021:19:32:20 +0930] "POST /signin HTTP/1.1" 302 -
::1 - - [14/May/2021:19:32:20 +0930] "GET / HTTP/1.1" 302 -
::1 - - [14/May/2021:19:32:21 +0930] "GET / HTTP/1.1" 200 759 "-" "Mozilla/5.0 (Windows NT 10.0; Win64; x64) AppleWebKit/537.36 (KHTML, like Gecko) Chrome/90.0.4430.212 Safari/537.36"
::1 - - [14/May/2021:19:32:23 +0930] "GET /members HTTP/1.1" 302 - "http://localhost/" "Mozilla/5.0 (Windows NT 10.0; Win64; x64) AppleWebKit/537.36 (KHTML, like Gecko) Chrome/90.0.4430.212 Safari/537.36"
::1 - - [14/May/2021:19:32:23 +0930] "GET /members HTTP/1.1" 200 1373
::1 - - [14/May/2021:19:32:23 +0930] "GET /css/standard.css HTTP/1.1" 200 736
::1 - - [14/May/2021:19:32:23 +0930] "GET /js/delete.js HTTP/1.1" 200 183
::1 - - [14/May/2021:19:32:23 +0930] "GET /js/jquery-1.9.1.js HTTP/1.1" 200 268381
::1 - - [14/May/2021:19:32:23 +0930] "GET /favicon.ico HTTP/1.1" 200 30894
::1 - - [14/May/2021:19:32:23 +0930] "GET /favicon.ico HTTP/1.1" 200 30894
::1 - - [14/May/2021:19:32:24 +0930] "GET /members HTTP/1.1" 200 1373
::1 - - [14/May/2021:19:32:24 +0930] "GET /favicon.ico HTTP/1.1" 200 30894
::1 - - [14/May/2021:19:32:24 +0930] "GET /favicon.ico HTTP/1.1" 200 30894
::1 - - [14/May/2021:19:32:25 +0930] "GET / HTTP/1.1" 302 -
::1 - - [14/May/2021:19:32:25 +0930] "GET / HTTP/1.1" 200 708 "-" "Mozilla/5.0 (Windows NT 10.0; Win64; x64) AppleWebKit/537.36 (KHTML, like Gecko) Chrome/90.0.4430.212 Safari/537.36"
::1 - - [14/May/2021:19:32:27 +0930] "GET /members HTTP/1.1" 302 - "http://localhost/" "Mozilla/5.0 (Windows NT 10.0; Win64; x64) AppleWebKit/537.36 (KHTML, like Gecko) Chrome/90.0.4430.212 Safari/537.36"
::1 - - [14/May/2021:19:32:27 +0930] "GET /members HTTP/1.1" 200 1373
::1 - - [14/May/2021:19:32:27 +0930] "GET /css/standard.css HTTP/1.1" 200 736
::1 - - [14/May/2021:19:32:27 +0930] "GET /js/jquery-1.9.1.js HTTP/1.1" 200 268381
::1 - - [14/May/2021:19:32:27 +0930] "GET /js/delete.js HTTP/1.1" 200 183
::1 - - [14/May/2021:19:32:27 +0930] "GET /favicon.ico HTTP/1.1" 200 30894
::1 - - [14/May/2021:19:32:27 +0930] "GET /favicon.ico HTTP/1.1" 200 30894
::1 - - [14/May/2021:19:32:28 +0930] "GET /members HTTP/1.1" 200 1373
::1 - - [14/May/2021:19:32:28 +0930] "GET /favicon.ico HTTP/1.1" 200 30894
::1 - - [14/May/2021:19:32:29 +0930] "GET /favicon.ico HTTP/1.1" 200 30894
::1 - - [14/May/2021:19:32:30 +0930] "GET / HTTP/1.1" 302 -
::1 - - [14/May/2021:19:32:30 +0930] "GET / HTTP/1.1" 200 708 "-" "Mozilla/5.0 (Windows NT 10.0; Win64; x64) AppleWebKit/537.36 (KHTML, like Gecko) Chrome/90.0.4430.212 Safari/537.36"
::1 - - [14/May/2021:19:32:31 +0930] "GET /members HTTP/1.1" 302 - "http://localhost/" "Mozilla/5.0 (Windows NT 10.0; Win64; x64) AppleWebKit/537.36 (KHTML, like Gecko) Chrome/90.0.4430.212 Safari/537.36"
::1 - - [14/May/2021:19:32:31 +0930] "GET /members HTTP/1.1" 200 1373
::1 - - [14/May/2021:19:32:31 +0930] "GET /css/standard.css HTTP/1.1" 200 736
::1 - - [14/May/2021:19:32:31 +0930] "GET /js/jquery-1.9.1.js HTTP/1.1" 200 268381
::1 - - [14/May/2021:19:32:31 +0930] "GET /js/delete.js HTTP/1.1" 200 183
::1 - - [14/May/2021:19:32:31 +0930] "GET /favicon.ico HTTP/1.1" 200 30894
::1 - - [14/May/2021:19:32:31 +0930] "GET /favicon.ico HTTP/1.1" 200 30894
::1 - - [14/May/2021:19:32:32 +0930] "GET /signup HTTP/1.1" 200 1245
::1 - - [14/May/2021:19:32:32 +0930] "GET /favicon.ico HTTP/1.1" 200 30894
::1 - - [14/May/2021:19:32:32 +0930] "GET /favicon.ico HTTP/1.1" 200 30894
::1 - - [14/May/2021:19:32:35 +0930] "GET /members HTTP/1.1" 200 1373
::1 - - [14/May/2021:19:32:35 +0930] "GET /favicon.ico HTTP/1.1" 200 30894
::1 - - [14/May/2021:19:32:35 +0930] "GET /favicon.ico HTTP/1.1" 200 30894
::1 - - [14/May/2021:19:32:36 +0930] "GET / HTTP/1.1" 302 -
::1 - - [14/May/2021:19:32:36 +0930] "GET / HTTP/1.1" 200 708 "-" "Mozilla/5.0 (Windows NT 10.0; Win64; x64) AppleWebKit/537.36 (KHTML, like Gecko) Chrome/90.0.4430.212 Safari/537.36"
::1 - - [14/May/2021:19:32:38 +0930] "GET /signout HTTP/1.1" 302 - "http://localhost/" "Mozilla/5.0 (Windows NT 10.0; Win64; x64) AppleWebKit/537.36 (KHTML, like Gecko) Chrome/90.0.4430.212 Safari/537.36"
::1 - - [14/May/2021:19:32:38 +0930] "GET /signout HTTP/1.1" 302 -
::1 - - [14/May/2021:19:32:38 +0930] "GET / HTTP/1.1" 302 -
::1 - - [14/May/2021:19:32:38 +0930] "GET / HTTP/1.1" 200 677 "http://localhost/" "Mozilla/5.0 (Windows NT 10.0; Win64; x64) AppleWebKit/537.36 (KHTML, like Gecko) Chrome/90.0.4430.212 Safari/537.36"
::1 - - [14/May/2021:19:35:56 +0930] "GET /signin HTTP/1.1" 302 - "http://localhost/" "Mozilla/5.0 (Windows NT 10.0; Win64; x64) AppleWebKit/537.36 (KHTML, like Gecko) Chrome/90.0.4430.212 Safari/537.36"
::1 - - [14/May/2021:19:35:56 +0930] "GET /signin HTTP/1.1" 200 976
::1 - - [14/May/2021:19:35:56 +0930] "GET /css/standard.css HTTP/1.1" 200 736
::1 - - [14/May/2021:19:35:56 +0930] "GET /js/delete.js HTTP/1.1" 200 183
::1 - - [14/May/2021:19:35:56 +0930] "GET /js/jquery-1.9.1.js HTTP/1.1" 200 268381
::1 - - [14/May/2021:19:35:57 +0930] "GET /favicon.ico HTTP/1.1" 200 30894
::1 - - [14/May/2021:19:36:04 +0930] "POST /signin HTTP/1.1" 302 -
::1 - - [14/May/2021:19:36:04 +0930] "GET / HTTP/1.1" 302 -
::1 - - [14/May/2021:19:36:04 +0930] "GET / HTTP/1.1" 200 759 "-" "Mozilla/5.0 (Windows NT 10.0; Win64; x64) AppleWebKit/537.36 (KHTML, like Gecko) Chrome/90.0.4430.212 Safari/537.36"
::1 - - [14/May/2021:19:36:08 +0930] "GET /members HTTP/1.1" 302 - "http://localhost/" "Mozilla/5.0 (Windows NT 10.0; Win64; x64) AppleWebKit/537.36 (KHTML, like Gecko) Chrome/90.0.4430.212 Safari/537.36"
::1 - - [14/May/2021:19:36:08 +0930] "GET /members HTTP/1.1" 200 1373
::1 - - [14/May/2021:19:36:08 +0930] "GET /css/standard.css HTTP/1.1" 200 736
::1 - - [14/May/2021:19:36:08 +0930] "GET /js/delete.js HTTP/1.1" 200 183
::1 - - [14/May/2021:19:36:08 +0930] "GET /js/jquery-1.9.1.js HTTP/1.1" 200 268381
::1 - - [14/May/2021:19:36:08 +0930] "GET /favicon.ico HTTP/1.1" 200 30894
::1 - - [14/May/2021:19:36:09 +0930] "GET /members HTTP/1.1" 200 1373
::1 - - [14/May/2021:19:36:09 +0930] "GET /favicon.ico HTTP/1.1" 200 30894
::1 - - [14/May/2021:19:36:09 +0930] "GET /members HTTP/1.1" 200 1373
::1 - - [14/May/2021:19:36:09 +0930] "GET /favicon.ico HTTP/1.1" 200 30894
::1 - - [14/May/2021:19:36:09 +0930] "GET /members HTTP/1.1" 200 1373
::1 - - [14/May/2021:19:36:09 +0930] "GET /favicon.ico HTTP/1.1" 200 30894
::1 - - [14/May/2021:19:36:10 +0930] "GET / HTTP/1.1" 302 -
::1 - - [14/May/2021:19:36:10 +0930] "GET / HTTP/1.1" 200 708 "-" "Mozilla/5.0 (Windows NT 10.0; Win64; x64) AppleWebKit/537.36 (KHTML, like Gecko) Chrome/90.0.4430.212 Safari/537.36"
::1 - - [14/May/2021:19:36:10 +0930] "GET /members HTTP/1.1" 302 - "http://localhost/" "Mozilla/5.0 (Windows NT 10.0; Win64; x64) AppleWebKit/537.36 (KHTML, like Gecko) Chrome/90.0.4430.212 Safari/537.36"
::1 - - [14/May/2021:19:36:10 +0930] "GET /members HTTP/1.1" 200 1373
::1 - - [14/May/2021:19:36:11 +0930] "GET /css/standard.css HTTP/1.1" 200 736
::1 - - [14/May/2021:19:36:11 +0930] "GET /js/jquery-1.9.1.js HTTP/1.1" 200 268381
::1 - - [14/May/2021:19:36:11 +0930] "GET /js/delete.js HTTP/1.1" 200 183
::1 - - [14/May/2021:19:36:11 +0930] "GET /favicon.ico HTTP/1.1" 200 30894
::1 - - [14/May/2021:19:36:11 +0930] "GET /members HTTP/1.1" 200 1373
::1 - - [14/May/2021:19:36:11 +0930] "GET /favicon.ico HTTP/1.1" 200 30894
::1 - - [14/May/2021:19:36:12 +0930] "GET / HTTP/1.1" 302 -
::1 - - [14/May/2021:19:36:12 +0930] "GET / HTTP/1.1" 200 708 "-" "Mozilla/5.0 (Windows NT 10.0; Win64; x64) AppleWebKit/537.36 (KHTML, like Gecko) Chrome/90.0.4430.212 Safari/537.36"
::1 - - [14/May/2021:19:36:13 +0930] "GET /members HTTP/1.1" 302 - "http://localhost/" "Mozilla/5.0 (Windows NT 10.0; Win64; x64) AppleWebKit/537.36 (KHTML, like Gecko) Chrome/90.0.4430.212 Safari/537.36"
::1 - - [14/May/2021:19:36:13 +0930] "GET /members HTTP/1.1" 200 1373
::1 - - [14/May/2021:19:36:13 +0930] "GET /css/standard.css HTTP/1.1" 200 736
::1 - - [14/May/2021:19:36:13 +0930] "GET /js/jquery-1.9.1.js HTTP/1.1" 200 268381
::1 - - [14/May/2021:19:36:13 +0930] "GET /js/delete.js HTTP/1.1" 200 183
::1 - - [14/May/2021:19:36:13 +0930] "GET /favicon.ico HTTP/1.1" 200 30894
::1 - - [14/May/2021:19:36:14 +0930] "GET /signout HTTP/1.1" 302 -
::1 - - [14/May/2021:19:36:14 +0930] "GET / HTTP/1.1" 302 -
::1 - - [14/May/2021:19:36:14 +0930] "GET / HTTP/1.1" 200 677 "-" "Mozilla/5.0 (Windows NT 10.0; Win64; x64) AppleWebKit/537.36 (KHTML, like Gecko) Chrome/90.0.4430.212 Safari/537.36"
