[Fri May 14 19:01:53.582426 2021] [ssl:warn] [pid 9800:tid 552] AH01909: www.example.com:443:0 server certificate does NOT include an ID which matches the server name
[Fri May 14 19:01:53.613704 2021] [ssl:warn] [pid 9800:tid 552] AH01909: www.example.com:443:0 server certificate does NOT include an ID which matches the server name
[Fri May 14 19:01:53.638119 2021] [mpm_winnt:notice] [pid 9800:tid 552] AH00455: Apache/2.4.47 (Win64) OpenSSL/1.1.1k PHP/7.3.28 configured -- resuming normal operations
[Fri May 14 19:01:53.638119 2021] [mpm_winnt:notice] [pid 9800:tid 552] AH00456: Apache Lounge VC15 Server built: Apr 27 2021 10:59:41
[Fri May 14 19:01:53.638119 2021] [core:notice] [pid 9800:tid 552] AH00094: Command line: 'C:\\xampp\\apache\\bin\\httpd.exe -d C:/xampp/apache'
[Fri May 14 19:01:53.641049 2021] [mpm_winnt:notice] [pid 9800:tid 552] AH00418: Parent: Created child process 5032
[Fri May 14 19:01:54.022895 2021] [ssl:warn] [pid 5032:tid 584] AH01909: www.example.com:443:0 server certificate does NOT include an ID which matches the server name
[Fri May 14 19:01:54.051217 2021] [ssl:warn] [pid 5032:tid 584] AH01909: www.example.com:443:0 server certificate does NOT include an ID which matches the server name
[Fri May 14 19:01:54.072702 2021] [mpm_winnt:notice] [pid 5032:tid 584] AH00354: Child: Starting 150 worker threads.
[Fri May 14 19:09:37.957615 2021] [ssl:warn] [pid 11812:tid 568] AH01909: www.example.com:443:0 server certificate does NOT include an ID which matches the server name
[Fri May 14 19:09:38.006445 2021] [ssl:warn] [pid 11812:tid 568] AH01909: www.example.com:443:0 server certificate does NOT include an ID which matches the server name
[Fri May 14 19:09:38.034766 2021] [mpm_winnt:notice] [pid 11812:tid 568] AH00455: Apache/2.4.47 (Win64) OpenSSL/1.1.1k PHP/7.3.28 configured -- resuming normal operations
[Fri May 14 19:09:38.035743 2021] [mpm_winnt:notice] [pid 11812:tid 568] AH00456: Apache Lounge VC15 Server built: Apr 27 2021 10:59:41
[Fri May 14 19:09:38.035743 2021] [core:notice] [pid 11812:tid 568] AH00094: Command line: 'c:\\xampp\\apache\\bin\\httpd.exe -d C:/xampp/apache'
[Fri May 14 19:09:38.036720 2021] [mpm_winnt:notice] [pid 11812:tid 568] AH00418: Parent: Created child process 6148
[Fri May 14 19:09:38.304305 2021] [ssl:warn] [pid 6148:tid 564] AH01909: www.example.com:443:0 server certificate does NOT include an ID which matches the server name
[Fri May 14 19:09:38.334580 2021] [ssl:warn] [pid 6148:tid 564] AH01909: www.example.com:443:0 server certificate does NOT include an ID which matches the server name
[Fri May 14 19:09:38.355088 2021] [mpm_winnt:notice] [pid 6148:tid 564] AH00354: Child: Starting 150 worker threads.
[Fri May 14 19:09:42.414685 2021] [php7:error] [pid 6148:tid 1832] [client ::1:61941] PHP Fatal error:  Uncaught Exception: Something wrong with the database: SQLSTATE[HY000] [2002] No connection could be made because the target machine actively refused it.\r\n in C:\\xampp\\htdocs\\lib\\model.php:185\nStack trace:\n#0 C:\\xampp\\htdocs\\index.php(66): get_user_name()\n#1 C:\\xampp\\htdocs\\lib\\application.php(51): {closure}(Object(Application))\n#2 C:\\xampp\\htdocs\\lib\\application.php(4): Application::register('/', Object(Closure), 'GET')\n#3 C:\\xampp\\htdocs\\index.php(69): get('/', Object(Closure))\n#4 {main}\n  thrown in C:\\xampp\\htdocs\\lib\\model.php on line 185
[Fri May 14 19:11:19.607948 2021] [php7:error] [pid 6148:tid 1832] [client ::1:61989] PHP Fatal error:  Uncaught Exception: Something wrong with the database: SQLSTATE[HY000] [2002] No connection could be made because the target machine actively refused it.\r\n in C:\\xampp\\htdocs\\lib\\model.php:185\nStack trace:\n#0 C:\\xampp\\htdocs\\index.php(66): get_user_name()\n#1 C:\\xampp\\htdocs\\lib\\application.php(51): {closure}(Object(Application))\n#2 C:\\xampp\\htdocs\\lib\\application.php(4): Application::register('/', Object(Closure), 'GET')\n#3 C:\\xampp\\htdocs\\index.php(69): get('/', Object(Closure))\n#4 {main}\n  thrown in C:\\xampp\\htdocs\\lib\\model.php on line 185
[Fri May 14 19:13:13.221161 2021] [ssl:warn] [pid 10560:tid 560] AH01909: www.example.com:443:0 server certificate does NOT include an ID which matches the server name
[Fri May 14 19:13:13.251435 2021] [core:warn] [pid 10560:tid 560] AH00098: pid file C:/xampp/apache/logs/httpd.pid overwritten -- Unclean shutdown of previous Apache run?
[Fri May 14 19:13:13.253389 2021] [ssl:warn] [pid 10560:tid 560] AH01909: www.example.com:443:0 server certificate does NOT include an ID which matches the server name
[Fri May 14 19:13:13.273897 2021] [mpm_winnt:notice] [pid 10560:tid 560] AH00455: Apache/2.4.47 (Win64) OpenSSL/1.1.1k PHP/7.3.28 configured -- resuming normal operations
[Fri May 14 19:13:13.273897 2021] [mpm_winnt:notice] [pid 10560:tid 560] AH00456: Apache Lounge VC15 Server built: Apr 27 2021 10:59:41
[Fri May 14 19:13:13.273897 2021] [core:notice] [pid 10560:tid 560] AH00094: Command line: 'c:\\xampp\\apache\\bin\\httpd.exe -d C:/xampp/apache'
[Fri May 14 19:13:13.350071 2021] [mpm_winnt:notice] [pid 10560:tid 560] AH00418: Parent: Created child process 2480
[Fri May 14 19:13:13.618634 2021] [ssl:warn] [pid 2480:tid 592] AH01909: www.example.com:443:0 server certificate does NOT include an ID which matches the server name
[Fri May 14 19:13:13.647931 2021] [ssl:warn] [pid 2480:tid 592] AH01909: www.example.com:443:0 server certificate does NOT include an ID which matches the server name
[Fri May 14 19:13:13.669417 2021] [mpm_winnt:notice] [pid 2480:tid 592] AH00354: Child: Starting 150 worker threads.
[Fri May 14 19:13:20.299289 2021] [php7:error] [pid 2480:tid 1832] [client 127.0.0.1:62044] PHP Fatal error:  Uncaught Exception: Something wrong with the database: SQLSTATE[HY000] [2002] No connection could be made because the target machine actively refused it.\r\n in C:\\xampp\\htdocs\\lib\\model.php:185\nStack trace:\n#0 C:\\xampp\\htdocs\\index.php(66): get_user_name()\n#1 C:\\xampp\\htdocs\\lib\\application.php(51): {closure}(Object(Application))\n#2 C:\\xampp\\htdocs\\lib\\application.php(4): Application::register('/', Object(Closure), 'GET')\n#3 C:\\xampp\\htdocs\\index.php(69): get('/', Object(Closure))\n#4 {main}\n  thrown in C:\\xampp\\htdocs\\lib\\model.php on line 185
