[14/May/2021:19:17:48 +0930] ::1 TLSv1.3 TLS_AES_256_GCM_SHA384 "GET /signin HTTP/1.1" 976
[14/May/2021:19:17:48 +0930] ::1 TLSv1.3 TLS_AES_256_GCM_SHA384 "GET /css/standard.css HTTP/1.1" 736
[14/May/2021:19:17:48 +0930] ::1 TLSv1.3 TLS_AES_256_GCM_SHA384 "GET /js/delete.js HTTP/1.1" 183
[14/May/2021:19:17:48 +0930] ::1 TLSv1.3 TLS_AES_256_GCM_SHA384 "GET /js/jquery-1.9.1.js HTTP/1.1" 268381
[14/May/2021:19:17:48 +0930] ::1 TLSv1.3 TLS_AES_256_GCM_SHA384 "GET /favicon.ico HTTP/1.1" 30894
[14/May/2021:19:17:49 +0930] ::1 TLSv1.3 TLS_AES_256_GCM_SHA384 "GET /signin HTTP/1.1" 976
[14/May/2021:19:17:49 +0930] ::1 TLSv1.3 TLS_AES_256_GCM_SHA384 "GET /favicon.ico HTTP/1.1" 30894
[14/May/2021:19:17:50 +0930] ::1 TLSv1.3 TLS_AES_256_GCM_SHA384 "GET / HTTP/1.1" -
[14/May/2021:19:17:50 +0930] ::1 TLSv1.3 TLS_AES_256_GCM_SHA384 "GET /signin HTTP/1.1" 976
[14/May/2021:19:17:51 +0930] ::1 TLSv1.3 TLS_AES_256_GCM_SHA384 "GET /css/standard.css HTTP/1.1" 736
[14/May/2021:19:17:51 +0930] ::1 TLSv1.3 TLS_AES_256_GCM_SHA384 "GET /js/jquery-1.9.1.js HTTP/1.1" 268381
[14/May/2021:19:17:51 +0930] ::1 TLSv1.3 TLS_AES_256_GCM_SHA384 "GET /js/delete.js HTTP/1.1" 183
[14/May/2021:19:17:51 +0930] ::1 TLSv1.3 TLS_AES_256_GCM_SHA384 "GET /signin HTTP/1.1" 976
[14/May/2021:19:17:52 +0930] ::1 TLSv1.3 TLS_AES_256_GCM_SHA384 "GET /favicon.ico HTTP/1.1" 30894
[14/May/2021:19:17:56 +0930] ::1 TLSv1.3 TLS_AES_256_GCM_SHA384 "POST /signin HTTP/1.1" -
[14/May/2021:19:17:56 +0930] ::1 TLSv1.3 TLS_AES_256_GCM_SHA384 "GET /signin HTTP/1.1" 1139
[14/May/2021:19:17:56 +0930] ::1 TLSv1.3 TLS_AES_256_GCM_SHA384 "GET /favicon.ico HTTP/1.1" 30894
[14/May/2021:19:19:04 +0930] ::1 TLSv1.3 TLS_AES_256_GCM_SHA384 "POST /signin HTTP/1.1" -
[14/May/2021:19:19:04 +0930] ::1 TLSv1.3 TLS_AES_256_GCM_SHA384 "GET /signin HTTP/1.1" 1139
[14/May/2021:19:19:04 +0930] ::1 TLSv1.3 TLS_AES_256_GCM_SHA384 "GET /favicon.ico HTTP/1.1" 30894
[14/May/2021:19:23:54 +0930] ::1 TLSv1.3 TLS_AES_256_GCM_SHA384 "GET / HTTP/1.1" -
[14/May/2021:19:23:55 +0930] ::1 TLSv1.3 TLS_AES_256_GCM_SHA384 "GET /signin HTTP/1.1" 976
[14/May/2021:19:23:56 +0930] ::1 TLSv1.3 TLS_AES_256_GCM_SHA384 "GET /css/standard.css HTTP/1.1" 736
[14/May/2021:19:23:56 +0930] ::1 TLSv1.3 TLS_AES_256_GCM_SHA384 "GET /js/delete.js HTTP/1.1" 183
[14/May/2021:19:23:56 +0930] ::1 TLSv1.3 TLS_AES_256_GCM_SHA384 "GET /js/jquery-1.9.1.js HTTP/1.1" 268381
[14/May/2021:19:23:56 +0930] ::1 TLSv1.3 TLS_AES_256_GCM_SHA384 "GET /favicon.ico HTTP/1.1" 30894
[14/May/2021:19:24:12 +0930] ::1 TLSv1.3 TLS_AES_256_GCM_SHA384 "POST /signin HTTP/1.1" -
[14/May/2021:19:24:12 +0930] ::1 TLSv1.3 TLS_AES_256_GCM_SHA384 "GET /signin HTTP/1.1" 1139
[14/May/2021:19:24:12 +0930] ::1 TLSv1.3 TLS_AES_256_GCM_SHA384 "GET /css/standard.css HTTP/1.1" 736
[14/May/2021:19:24:12 +0930] ::1 TLSv1.3 TLS_AES_256_GCM_SHA384 "GET /favicon.ico HTTP/1.1" 30894
[14/May/2021:19:25:13 +0930] ::1 TLSv1.3 TLS_AES_256_GCM_SHA384 "GET /signin HTTP/1.1" 976
[14/May/2021:19:25:13 +0930] ::1 TLSv1.3 TLS_AES_256_GCM_SHA384 "GET /css/standard.css HTTP/1.1" 736
[14/May/2021:19:25:13 +0930] ::1 TLSv1.3 TLS_AES_256_GCM_SHA384 "GET /favicon.ico HTTP/1.1" 30894
[14/May/2021:19:25:17 +0930] ::1 TLSv1.3 TLS_AES_256_GCM_SHA384 "POST /signin HTTP/1.1" -
[14/May/2021:19:25:17 +0930] ::1 TLSv1.3 TLS_AES_256_GCM_SHA384 "GET /signin HTTP/1.1" 1139
[14/May/2021:19:25:18 +0930] ::1 TLSv1.3 TLS_AES_256_GCM_SHA384 "GET /favicon.ico HTTP/1.1" 30894
[14/May/2021:19:25:21 +0930] ::1 TLSv1.3 TLS_AES_256_GCM_SHA384 "POST /signin HTTP/1.1" -
[14/May/2021:19:25:21 +0930] ::1 TLSv1.3 TLS_AES_256_GCM_SHA384 "GET /signin HTTP/1.1" 1046
[14/May/2021:19:25:21 +0930] ::1 TLSv1.3 TLS_AES_256_GCM_SHA384 "GET /favicon.ico HTTP/1.1" 30894
[14/May/2021:19:25:23 +0930] ::1 TLSv1.3 TLS_AES_256_GCM_SHA384 "POST /signin HTTP/1.1" -
[14/May/2021:19:25:23 +0930] ::1 TLSv1.3 TLS_AES_256_GCM_SHA384 "GET /signin HTTP/1.1" 1046
[14/May/2021:19:25:23 +0930] ::1 TLSv1.3 TLS_AES_256_GCM_SHA384 "GET /favicon.ico HTTP/1.1" 30894
[14/May/2021:19:25:24 +0930] ::1 TLSv1.3 TLS_AES_256_GCM_SHA384 "GET /signin HTTP/1.1" 976
[14/May/2021:19:25:24 +0930] ::1 TLSv1.3 TLS_AES_256_GCM_SHA384 "GET /favicon.ico HTTP/1.1" 30894
[14/May/2021:19:25:24 +0930] ::1 TLSv1.3 TLS_AES_256_GCM_SHA384 "GET / HTTP/1.1" -
[14/May/2021:19:25:25 +0930] ::1 TLSv1.3 TLS_AES_256_GCM_SHA384 "GET /signin HTTP/1.1" 976
[14/May/2021:19:25:25 +0930] ::1 TLSv1.3 TLS_AES_256_GCM_SHA384 "GET /css/standard.css HTTP/1.1" 736
[14/May/2021:19:25:25 +0930] ::1 TLSv1.3 TLS_AES_256_GCM_SHA384 "GET /js/delete.js HTTP/1.1" 183
[14/May/2021:19:25:25 +0930] ::1 TLSv1.3 TLS_AES_256_GCM_SHA384 "GET /js/jquery-1.9.1.js HTTP/1.1" 268381
[14/May/2021:19:25:25 +0930] ::1 TLSv1.3 TLS_AES_256_GCM_SHA384 "GET /favicon.ico HTTP/1.1" 30894
[14/May/2021:19:25:29 +0930] ::1 TLSv1.3 TLS_AES_256_GCM_SHA384 "POST /signin HTTP/1.1" -
[14/May/2021:19:25:29 +0930] ::1 TLSv1.3 TLS_AES_256_GCM_SHA384 "GET /signin HTTP/1.1" 1139
[14/May/2021:19:25:29 +0930] ::1 TLSv1.3 TLS_AES_256_GCM_SHA384 "GET /favicon.ico HTTP/1.1" 30894
[14/May/2021:19:30:01 +0930] ::1 TLSv1.3 TLS_AES_256_GCM_SHA384 "GET /signin HTTP/1.1" 976
[14/May/2021:19:30:02 +0930] ::1 TLSv1.3 TLS_AES_256_GCM_SHA384 "GET /css/standard.css HTTP/1.1" 736
[14/May/2021:19:30:02 +0930] ::1 TLSv1.3 TLS_AES_256_GCM_SHA384 "GET /js/delete.js HTTP/1.1" 183
[14/May/2021:19:30:02 +0930] ::1 TLSv1.3 TLS_AES_256_GCM_SHA384 "GET /js/jquery-1.9.1.js HTTP/1.1" 268381
[14/May/2021:19:30:02 +0930] ::1 TLSv1.3 TLS_AES_256_GCM_SHA384 "GET /favicon.ico HTTP/1.1" 30894
[14/May/2021:19:30:08 +0930] ::1 TLSv1.3 TLS_AES_256_GCM_SHA384 "POST /signin HTTP/1.1" -
[14/May/2021:19:30:08 +0930] ::1 TLSv1.3 TLS_AES_256_GCM_SHA384 "GET /signin HTTP/1.1" 1103
[14/May/2021:19:30:08 +0930] ::1 TLSv1.3 TLS_AES_256_GCM_SHA384 "GET /favicon.ico HTTP/1.1" 30894
[14/May/2021:19:31:40 +0930] ::1 TLSv1.3 TLS_AES_256_GCM_SHA384 "GET /signin HTTP/1.1" 976
[14/May/2021:19:31:40 +0930] ::1 TLSv1.3 TLS_AES_256_GCM_SHA384 "GET /favicon.ico HTTP/1.1" 30894
[14/May/2021:19:31:42 +0930] ::1 TLSv1.3 TLS_AES_256_GCM_SHA384 "GET / HTTP/1.1" -
[14/May/2021:19:31:42 +0930] ::1 TLSv1.3 TLS_AES_256_GCM_SHA384 "GET /signup HTTP/1.1" 1274
[14/May/2021:19:31:43 +0930] ::1 TLSv1.3 TLS_AES_256_GCM_SHA384 "GET /favicon.ico HTTP/1.1" 30894
[14/May/2021:19:32:06 +0930] ::1 TLSv1.3 TLS_AES_256_GCM_SHA384 "POST /signup HTTP/1.1" -
[14/May/2021:19:32:06 +0930] ::1 TLSv1.3 TLS_AES_256_GCM_SHA384 "GET /signup HTTP/1.1" -
[14/May/2021:19:32:06 +0930] ::1 TLSv1.3 TLS_AES_256_GCM_SHA384 "GET /signin HTTP/1.1" 1094
[14/May/2021:19:32:06 +0930] ::1 TLSv1.3 TLS_AES_256_GCM_SHA384 "GET /favicon.ico HTTP/1.1" 30894
[14/May/2021:19:32:14 +0930] ::1 TLSv1.3 TLS_AES_256_GCM_SHA384 "POST /signin HTTP/1.1" -
[14/May/2021:19:32:14 +0930] ::1 TLSv1.3 TLS_AES_256_GCM_SHA384 "GET /signin HTTP/1.1" 1054
[14/May/2021:19:32:14 +0930] ::1 TLSv1.3 TLS_AES_256_GCM_SHA384 "GET /favicon.ico HTTP/1.1" 30894
[14/May/2021:19:32:20 +0930] ::1 TLSv1.3 TLS_AES_256_GCM_SHA384 "POST /signin HTTP/1.1" -
[14/May/2021:19:32:20 +0930] ::1 TLSv1.3 TLS_AES_256_GCM_SHA384 "GET / HTTP/1.1" -
[14/May/2021:19:32:23 +0930] ::1 TLSv1.3 TLS_AES_256_GCM_SHA384 "GET /members HTTP/1.1" 1373
[14/May/2021:19:32:23 +0930] ::1 TLSv1.3 TLS_AES_256_GCM_SHA384 "GET /css/standard.css HTTP/1.1" 736
[14/May/2021:19:32:23 +0930] ::1 TLSv1.3 TLS_AES_256_GCM_SHA384 "GET /js/delete.js HTTP/1.1" 183
[14/May/2021:19:32:23 +0930] ::1 TLSv1.3 TLS_AES_256_GCM_SHA384 "GET /js/jquery-1.9.1.js HTTP/1.1" 268381
[14/May/2021:19:32:23 +0930] ::1 TLSv1.3 TLS_AES_256_GCM_SHA384 "GET /favicon.ico HTTP/1.1" 30894
[14/May/2021:19:32:23 +0930] ::1 TLSv1.3 TLS_AES_256_GCM_SHA384 "GET /favicon.ico HTTP/1.1" 30894
[14/May/2021:19:32:24 +0930] ::1 TLSv1.3 TLS_AES_256_GCM_SHA384 "GET /members HTTP/1.1" 1373
[14/May/2021:19:32:24 +0930] ::1 TLSv1.3 TLS_AES_256_GCM_SHA384 "GET /favicon.ico HTTP/1.1" 30894
[14/May/2021:19:32:24 +0930] ::1 TLSv1.3 TLS_AES_256_GCM_SHA384 "GET /favicon.ico HTTP/1.1" 30894
[14/May/2021:19:32:25 +0930] ::1 TLSv1.3 TLS_AES_256_GCM_SHA384 "GET / HTTP/1.1" -
[14/May/2021:19:32:27 +0930] ::1 TLSv1.3 TLS_AES_256_GCM_SHA384 "GET /members HTTP/1.1" 1373
[14/May/2021:19:32:27 +0930] ::1 TLSv1.3 TLS_AES_256_GCM_SHA384 "GET /css/standard.css HTTP/1.1" 736
[14/May/2021:19:32:27 +0930] ::1 TLSv1.3 TLS_AES_256_GCM_SHA384 "GET /js/jquery-1.9.1.js HTTP/1.1" 268381
[14/May/2021:19:32:27 +0930] ::1 TLSv1.3 TLS_AES_256_GCM_SHA384 "GET /js/delete.js HTTP/1.1" 183
[14/May/2021:19:32:27 +0930] ::1 TLSv1.3 TLS_AES_256_GCM_SHA384 "GET /favicon.ico HTTP/1.1" 30894
[14/May/2021:19:32:27 +0930] ::1 TLSv1.3 TLS_AES_256_GCM_SHA384 "GET /favicon.ico HTTP/1.1" 30894
[14/May/2021:19:32:28 +0930] ::1 TLSv1.3 TLS_AES_256_GCM_SHA384 "GET /members HTTP/1.1" 1373
[14/May/2021:19:32:28 +0930] ::1 TLSv1.3 TLS_AES_256_GCM_SHA384 "GET /favicon.ico HTTP/1.1" 30894
[14/May/2021:19:32:29 +0930] ::1 TLSv1.3 TLS_AES_256_GCM_SHA384 "GET /favicon.ico HTTP/1.1" 30894
[14/May/2021:19:32:30 +0930] ::1 TLSv1.3 TLS_AES_256_GCM_SHA384 "GET / HTTP/1.1" -
[14/May/2021:19:32:31 +0930] ::1 TLSv1.3 TLS_AES_256_GCM_SHA384 "GET /members HTTP/1.1" 1373
[14/May/2021:19:32:31 +0930] ::1 TLSv1.3 TLS_AES_256_GCM_SHA384 "GET /css/standard.css HTTP/1.1" 736
[14/May/2021:19:32:31 +0930] ::1 TLSv1.3 TLS_AES_256_GCM_SHA384 "GET /js/jquery-1.9.1.js HTTP/1.1" 268381
[14/May/2021:19:32:31 +0930] ::1 TLSv1.3 TLS_AES_256_GCM_SHA384 "GET /js/delete.js HTTP/1.1" 183
[14/May/2021:19:32:31 +0930] ::1 TLSv1.3 TLS_AES_256_GCM_SHA384 "GET /favicon.ico HTTP/1.1" 30894
[14/May/2021:19:32:31 +0930] ::1 TLSv1.3 TLS_AES_256_GCM_SHA384 "GET /favicon.ico HTTP/1.1" 30894
[14/May/2021:19:32:32 +0930] ::1 TLSv1.3 TLS_AES_256_GCM_SHA384 "GET /signup HTTP/1.1" 1245
[14/May/2021:19:32:32 +0930] ::1 TLSv1.3 TLS_AES_256_GCM_SHA384 "GET /favicon.ico HTTP/1.1" 30894
[14/May/2021:19:32:32 +0930] ::1 TLSv1.3 TLS_AES_256_GCM_SHA384 "GET /favicon.ico HTTP/1.1" 30894
[14/May/2021:19:32:35 +0930] ::1 TLSv1.3 TLS_AES_256_GCM_SHA384 "GET /members HTTP/1.1" 1373
[14/May/2021:19:32:35 +0930] ::1 TLSv1.3 TLS_AES_256_GCM_SHA384 "GET /favicon.ico HTTP/1.1" 30894
[14/May/2021:19:32:35 +0930] ::1 TLSv1.3 TLS_AES_256_GCM_SHA384 "GET /favicon.ico HTTP/1.1" 30894
[14/May/2021:19:32:36 +0930] ::1 TLSv1.3 TLS_AES_256_GCM_SHA384 "GET / HTTP/1.1" -
[14/May/2021:19:32:38 +0930] ::1 TLSv1.3 TLS_AES_256_GCM_SHA384 "GET /signout HTTP/1.1" -
[14/May/2021:19:32:38 +0930] ::1 TLSv1.3 TLS_AES_256_GCM_SHA384 "GET / HTTP/1.1" -
[14/May/2021:19:35:56 +0930] ::1 TLSv1.3 TLS_AES_256_GCM_SHA384 "GET /signin HTTP/1.1" 976
[14/May/2021:19:35:56 +0930] ::1 TLSv1.3 TLS_AES_256_GCM_SHA384 "GET /css/standard.css HTTP/1.1" 736
[14/May/2021:19:35:56 +0930] ::1 TLSv1.3 TLS_AES_256_GCM_SHA384 "GET /js/delete.js HTTP/1.1" 183
[14/May/2021:19:35:56 +0930] ::1 TLSv1.3 TLS_AES_256_GCM_SHA384 "GET /js/jquery-1.9.1.js HTTP/1.1" 268381
[14/May/2021:19:35:57 +0930] ::1 TLSv1.3 TLS_AES_256_GCM_SHA384 "GET /favicon.ico HTTP/1.1" 30894
[14/May/2021:19:36:04 +0930] ::1 TLSv1.3 TLS_AES_256_GCM_SHA384 "POST /signin HTTP/1.1" -
[14/May/2021:19:36:04 +0930] ::1 TLSv1.3 TLS_AES_256_GCM_SHA384 "GET / HTTP/1.1" -
[14/May/2021:19:36:08 +0930] ::1 TLSv1.3 TLS_AES_256_GCM_SHA384 "GET /members HTTP/1.1" 1373
[14/May/2021:19:36:08 +0930] ::1 TLSv1.3 TLS_AES_256_GCM_SHA384 "GET /css/standard.css HTTP/1.1" 736
[14/May/2021:19:36:08 +0930] ::1 TLSv1.3 TLS_AES_256_GCM_SHA384 "GET /js/delete.js HTTP/1.1" 183
[14/May/2021:19:36:08 +0930] ::1 TLSv1.3 TLS_AES_256_GCM_SHA384 "GET /js/jquery-1.9.1.js HTTP/1.1" 268381
[14/May/2021:19:36:08 +0930] ::1 TLSv1.3 TLS_AES_256_GCM_SHA384 "GET /favicon.ico HTTP/1.1" 30894
[14/May/2021:19:36:09 +0930] ::1 TLSv1.3 TLS_AES_256_GCM_SHA384 "GET /members HTTP/1.1" 1373
[14/May/2021:19:36:09 +0930] ::1 TLSv1.3 TLS_AES_256_GCM_SHA384 "GET /favicon.ico HTTP/1.1" 30894
[14/May/2021:19:36:09 +0930] ::1 TLSv1.3 TLS_AES_256_GCM_SHA384 "GET /members HTTP/1.1" 1373
[14/May/2021:19:36:09 +0930] ::1 TLSv1.3 TLS_AES_256_GCM_SHA384 "GET /favicon.ico HTTP/1.1" 30894
[14/May/2021:19:36:09 +0930] ::1 TLSv1.3 TLS_AES_256_GCM_SHA384 "GET /members HTTP/1.1" 1373
[14/May/2021:19:36:09 +0930] ::1 TLSv1.3 TLS_AES_256_GCM_SHA384 "GET /favicon.ico HTTP/1.1" 30894
[14/May/2021:19:36:10 +0930] ::1 TLSv1.3 TLS_AES_256_GCM_SHA384 "GET / HTTP/1.1" -
[14/May/2021:19:36:10 +0930] ::1 TLSv1.3 TLS_AES_256_GCM_SHA384 "GET /members HTTP/1.1" 1373
[14/May/2021:19:36:11 +0930] ::1 TLSv1.3 TLS_AES_256_GCM_SHA384 "GET /css/standard.css HTTP/1.1" 736
[14/May/2021:19:36:11 +0930] ::1 TLSv1.3 TLS_AES_256_GCM_SHA384 "GET /js/jquery-1.9.1.js HTTP/1.1" 268381
[14/May/2021:19:36:11 +0930] ::1 TLSv1.3 TLS_AES_256_GCM_SHA384 "GET /js/delete.js HTTP/1.1" 183
[14/May/2021:19:36:11 +0930] ::1 TLSv1.3 TLS_AES_256_GCM_SHA384 "GET /favicon.ico HTTP/1.1" 30894
[14/May/2021:19:36:11 +0930] ::1 TLSv1.3 TLS_AES_256_GCM_SHA384 "GET /members HTTP/1.1" 1373
[14/May/2021:19:36:11 +0930] ::1 TLSv1.3 TLS_AES_256_GCM_SHA384 "GET /favicon.ico HTTP/1.1" 30894
[14/May/2021:19:36:12 +0930] ::1 TLSv1.3 TLS_AES_256_GCM_SHA384 "GET / HTTP/1.1" -
[14/May/2021:19:36:13 +0930] ::1 TLSv1.3 TLS_AES_256_GCM_SHA384 "GET /members HTTP/1.1" 1373
[14/May/2021:19:36:13 +0930] ::1 TLSv1.3 TLS_AES_256_GCM_SHA384 "GET /css/standard.css HTTP/1.1" 736
[14/May/2021:19:36:13 +0930] ::1 TLSv1.3 TLS_AES_256_GCM_SHA384 "GET /js/jquery-1.9.1.js HTTP/1.1" 268381
[14/May/2021:19:36:13 +0930] ::1 TLSv1.3 TLS_AES_256_GCM_SHA384 "GET /js/delete.js HTTP/1.1" 183
[14/May/2021:19:36:13 +0930] ::1 TLSv1.3 TLS_AES_256_GCM_SHA384 "GET /favicon.ico HTTP/1.1" 30894
[14/May/2021:19:36:14 +0930] ::1 TLSv1.3 TLS_AES_256_GCM_SHA384 "GET /signout HTTP/1.1" -
[14/May/2021:19:36:14 +0930] ::1 TLSv1.3 TLS_AES_256_GCM_SHA384 "GET / HTTP/1.1" -
